23-11-2021 14:45:52.338 [Gauge] [INFO] Initializing concepts cache with 0 concepts
23-11-2021 14:45:52.375 [Gauge] [INFO] Initializing specs cache with 2 specs
23-11-2021 14:45:52.375 [Gauge] [DEBUG] Adding specs from C:\Users\chris\IdeaProjects\ipi-java-350-ex\specs\employe.spec
23-11-2021 14:45:52.375 [Gauge] [DEBUG] Adding specs from C:\Users\chris\IdeaProjects\ipi-java-350-ex\specs\example.spec
23-11-2021 14:45:52.376 [Gauge] [INFO] Initializing steps cache with 2 steps
23-11-2021 14:45:52.376 [Gauge] [INFO] Gauge daemon initialized and listening on port: 61652
23-11-2021 14:45:52.441 [Gauge] [DEBUG] Watching directory: C:\Users\chris\IdeaProjects\ipi-java-350-ex\specs
23-11-2021 14:45:52.446 [Gauge] [DEBUG] Found 2 files
23-11-2021 14:45:55.495 [Gauge] [DEBUG] Api Request Received: messageType:GetStepValueRequest  messageId:4  stepValueRequest:{stepText:"Soit un employé embauché cette année"}
23-11-2021 14:45:55.496 [Gauge] [DEBUG] Sending API response: messageType:GetStepValueResponse  messageId:4  stepValueResponse:{stepValue:{stepValue:"Soit un employé embauché cette année"  parameterizedStepValue:"Soit un employé embauché cette année"}}
23-11-2021 14:45:59.442 [Gauge] [DEBUG] Api Request Received: messageType:GetStepValueRequest  messageId:4  stepValueRequest:{stepText:"Lorsque je calcule son nombre d'année d'ancienneté"}
23-11-2021 14:45:59.443 [Gauge] [DEBUG] Sending API response: messageType:GetStepValueResponse  messageId:4  stepValueResponse:{stepValue:{stepValue:"Lorsque je calcule son nombre d'année d'ancienneté"  parameterizedStepValue:"Lorsque je calcule son nombre d'année d'ancienneté"}}
23-11-2021 14:46:18.307 [Gauge] [DEBUG] Api Request Received: messageType:GetStepValueRequest  messageId:4  stepValueRequest:{stepText:"Vowels in English language are <vowelString>."}
23-11-2021 14:46:18.331 [Gauge] [DEBUG] Sending API response: messageType:GetStepValueResponse  messageId:4  stepValueResponse:{stepValue:{stepValue:"Vowels in English language are {}."  parameterizedStepValue:"Vowels in English language are <vowelString>."  parameters:"vowelString"}}
23-11-2021 14:46:18.335 [Gauge] [DEBUG] Api Request Received: messageType:GetStepValueRequest  messageId:4  stepValueRequest:{stepText:"The word <word> has <expectedCount> vowels."}
23-11-2021 14:46:18.335 [Gauge] [DEBUG] Sending API response: messageType:GetStepValueResponse  messageId:4  stepValueResponse:{stepValue:{stepValue:"The word {} has {} vowels."  parameterizedStepValue:"The word <word> has <expectedCount> vowels."  parameters:"word"  parameters:"expectedCount"}}
23-11-2021 14:46:18.336 [Gauge] [DEBUG] Api Request Received: messageType:GetStepValueRequest  messageId:4  stepValueRequest:{stepText:"Almost all words have vowels <wordsTable>"}
23-11-2021 14:46:18.336 [Gauge] [DEBUG] Sending API response: messageType:GetStepValueResponse  messageId:4  stepValueResponse:{stepValue:{stepValue:"Almost all words have vowels {}"  parameterizedStepValue:"Almost all words have vowels <wordsTable>"  parameters:"wordsTable"}}
23-11-2021 14:46:19.105 [Gauge] [DEBUG] Api Request Received: messageType:GetStepValueRequest  messageId:4  stepValueRequest:{stepText:"J'obtient \"0\""}
23-11-2021 14:46:19.105 [Gauge] [DEBUG] Sending API response: messageType:GetStepValueResponse  messageId:4  stepValueResponse:{stepValue:{stepValue:"J'obtient {}"  parameterizedStepValue:"J'obtient <0>"  parameters:"0"}}
23-11-2021 14:46:32.767 [Gauge] [DEBUG] Api Request Received: messageType:GetStepValueRequest  messageId:4  stepValueRequest:{stepText:"Vowels in English language are \"aeiou\"."}
23-11-2021 14:46:32.767 [Gauge] [DEBUG] Sending API response: messageType:GetStepValueResponse  messageId:4  stepValueResponse:{stepValue:{stepValue:"Vowels in English language are {}."  parameterizedStepValue:"Vowels in English language are <aeiou>."  parameters:"aeiou"}}
23-11-2021 14:46:32.768 [Gauge] [DEBUG] Api Request Received: messageType:GetStepValueRequest  messageId:4  stepValueRequest:{stepText:"The word \"gauge\" has \"3\" vowels."}
23-11-2021 14:46:32.768 [Gauge] [DEBUG] Sending API response: messageType:GetStepValueResponse  messageId:4  stepValueResponse:{stepValue:{stepValue:"The word {} has {} vowels."  parameterizedStepValue:"The word <gauge> has <3> vowels."  parameters:"gauge"  parameters:"3"}}
23-11-2021 14:46:32.771 [Gauge] [DEBUG] Api Request Received: messageType:GetStepValueRequest  messageId:4  stepValueRequest:{stepText:"Almost all words have vowels"  hasInlineTable:true}
23-11-2021 14:46:32.776 [Gauge] [DEBUG] Sending API response: messageType:GetStepValueResponse  messageId:4  stepValueResponse:{stepValue:{stepValue:"Almost all words have vowels {}"  parameterizedStepValue:"Almost all words have vowels <table>"  parameters:"table"}}
23-11-2021 14:46:53.904 [Gauge] [DEBUG] Api Request Received: messageType:GetStepValueRequest  messageId:4  stepValueRequest:{stepText:"J'obtient <0>"}
23-11-2021 14:46:53.904 [Gauge] [DEBUG] Sending API response: messageType:GetStepValueResponse  messageId:4  stepValueResponse:{stepValue:{stepValue:"J'obtient {}"  parameterizedStepValue:"J'obtient <0>"  parameters:"0"}}
23-11-2021 14:54:58.878 [Gauge] [DEBUG] Api Request Received: messageType:GetStepValueRequest  messageId:4  stepValueRequest:{stepText:"J'obtient <"}
23-11-2021 14:54:58.879 [Gauge] [DEBUG] Sending API response: messageType:ErrorResponse  messageId:4  error:{error:"Dynamic parameter not terminated"}
23-11-2021 14:54:59.409 [Gauge] [DEBUG] Api Request Received: messageType:GetStepValueRequest  messageId:4  stepValueRequest:{stepText:"J'obtient "}
23-11-2021 14:54:59.425 [Gauge] [DEBUG] Sending API response: messageType:GetStepValueResponse  messageId:4  stepValueResponse:{stepValue:{stepValue:"J'obtient"  parameterizedStepValue:"J'obtient"}}
23-11-2021 14:55:00.237 [Gauge] [DEBUG] Api Request Received: messageType:GetStepValueRequest  messageId:4  stepValueRequest:{stepText:"J'obtient ancienneteCalculee"}
23-11-2021 14:55:00.237 [Gauge] [DEBUG] Sending API response: messageType:GetStepValueResponse  messageId:4  stepValueResponse:{stepValue:{stepValue:"J'obtient ancienneteCalculee"  parameterizedStepValue:"J'obtient ancienneteCalculee"}}
23-11-2021 14:55:08.678 [Gauge] [DEBUG] Api Request Received: messageType:GetStepValueRequest  messageId:4  stepValueRequest:{stepText:"J'obtient <ancienneteCalculee"}
23-11-2021 14:55:08.678 [Gauge] [DEBUG] Sending API response: messageType:ErrorResponse  messageId:4  error:{error:"Dynamic parameter not terminated"}
23-11-2021 14:55:08.825 [Gauge] [DEBUG] Api Request Received: messageType:GetStepValueRequest  messageId:4  stepValueRequest:{stepText:"J'obtient <ancienneteCalculee"}
23-11-2021 14:55:08.825 [Gauge] [DEBUG] Sending API response: messageType:ErrorResponse  messageId:4  error:{error:"Dynamic parameter not terminated"}
23-11-2021 14:55:08.833 [Gauge] [DEBUG] Api Request Received: messageType:GetStepValueRequest  messageId:4  stepValueRequest:{stepText:"J'obtient <ancienneteCalculee"}
23-11-2021 14:55:08.833 [Gauge] [DEBUG] Sending API response: messageType:ErrorResponse  messageId:4  error:{error:"Dynamic parameter not terminated"}
23-11-2021 14:55:11.964 [Gauge] [DEBUG] Api Request Received: messageType:GetStepValueRequest  messageId:4  stepValueRequest:{stepText:"J'obtient <ancienneteCalculee>"}
23-11-2021 14:55:11.964 [Gauge] [DEBUG] Sending API response: messageType:GetStepValueResponse  messageId:4  stepValueResponse:{stepValue:{stepValue:"J'obtient {}"  parameterizedStepValue:"J'obtient <ancienneteCalculee>"  parameters:"ancienneteCalculee"}}
23-11-2021 14:58:17.468 [Gauge] [DEBUG] Api Request Received: messageType:GetStepValueRequest  messageId:4  stepValueRequest:{stepText:"J'obtien \"0\""}
23-11-2021 14:58:17.476 [Gauge] [DEBUG] Sending API response: messageType:GetStepValueResponse  messageId:4  stepValueResponse:{stepValue:{stepValue:"J'obtien {}"  parameterizedStepValue:"J'obtien <0>"  parameters:"0"}}
23-11-2021 14:58:17.678 [Gauge] [DEBUG] Api Request Received: messageType:GetStepValueRequest  messageId:4  stepValueRequest:{stepText:"J'obtiens \"0\""}
23-11-2021 14:58:17.679 [Gauge] [DEBUG] Sending API response: messageType:GetStepValueResponse  messageId:4  stepValueResponse:{stepValue:{stepValue:"J'obtiens {}"  parameterizedStepValue:"J'obtiens <0>"  parameters:"0"}}
23-11-2021 14:58:17.815 [Gauge] [DEBUG] Api Request Received: messageType:GetAllStepsRequest  messageId:2  allStepsRequest:{}
23-11-2021 14:58:17.822 [Gauge] [DEBUG] Sending API response: messageType:GetAllStepResponse  messageId:2  allStepsResponse:{allSteps:{stepValue:"Vowels in English language are {}."  parameterizedStepValue:"Vowels in English language are <aeiou>."  parameters:"aeiou"}  allSteps:{stepValue:"The word {} has {} vowels."  parameterizedStepValue:"The word <gauge> has <3> vowels."  parameters:"gauge"  parameters:"3"}  allSteps:{stepValue:"Almost all words have vowels {}"  parameterizedStepValue:"Almost all words have vowels <table>"  parameters:"table"}  allSteps:{stepValue:"Soit un employé embauché cette année"  parameterizedStepValue:"Soit un employé embauché cette année"}  allSteps:{stepValue:"Lorsque je calcule son nombre d'année d'ancienneté"  parameterizedStepValue:"Lorsque je calcule son nombre d'année d'ancienneté"}  allSteps:{stepValue:"J'obtient {}"  parameterizedStepValue:"J'obtient <0>"  parameters:"0"}}
23-11-2021 14:58:17.823 [Gauge] [DEBUG] Api Request Received: messageType:GetAllConceptsRequest  messageId:6  allConceptsRequest:{}
23-11-2021 14:58:17.830 [Gauge] [DEBUG] Sending API response: messageType:GetAllConceptsResponse  messageId:6  allConceptsResponse:{}
23-11-2021 14:58:17.934 [Gauge] [DEBUG] Api Request Received: messageType:GetAllStepsRequest  messageId:2  allStepsRequest:{}
23-11-2021 14:58:17.939 [Gauge] [DEBUG] Sending API response: messageType:GetAllStepResponse  messageId:2  allStepsResponse:{allSteps:{stepValue:"Vowels in English language are {}."  parameterizedStepValue:"Vowels in English language are <aeiou>."  parameters:"aeiou"}  allSteps:{stepValue:"The word {} has {} vowels."  parameterizedStepValue:"The word <gauge> has <3> vowels."  parameters:"gauge"  parameters:"3"}  allSteps:{stepValue:"Almost all words have vowels {}"  parameterizedStepValue:"Almost all words have vowels <table>"  parameters:"table"}  allSteps:{stepValue:"Soit un employé embauché cette année"  parameterizedStepValue:"Soit un employé embauché cette année"}  allSteps:{stepValue:"Lorsque je calcule son nombre d'année d'ancienneté"  parameterizedStepValue:"Lorsque je calcule son nombre d'année d'ancienneté"}  allSteps:{stepValue:"J'obtient {}"  parameterizedStepValue:"J'obtient <0>"  parameters:"0"}}
23-11-2021 14:58:17.940 [Gauge] [DEBUG] Api Request Received: messageType:GetAllConceptsRequest  messageId:6  allConceptsRequest:{}
23-11-2021 14:58:17.940 [Gauge] [DEBUG] Sending API response: messageType:GetAllConceptsResponse  messageId:6  allConceptsResponse:{}
23-11-2021 14:58:30.170 [Gauge] [DEBUG] Api Request Received: messageType:GetStepValueRequest  messageId:4  stepValueRequest:{stepText:"J'obtiens <ancienneteCalculee>"}
23-11-2021 14:58:30.170 [Gauge] [DEBUG] Sending API response: messageType:GetStepValueResponse  messageId:4  stepValueResponse:{stepValue:{stepValue:"J'obtiens {}"  parameterizedStepValue:"J'obtiens <ancienneteCalculee>"  parameters:"ancienneteCalculee"}}
23-11-2021 14:58:39.743 [Gauge] [DEBUG] Spec file added / modified: C:\Users\chris\IdeaProjects\ipi-java-350-ex\specs\employe.spec
23-11-2021 14:58:39.746 [Gauge] [DEBUG] Spec file added / modified: C:\Users\chris\IdeaProjects\ipi-java-350-ex\specs\employe.spec
23-11-2021 15:34:06.629 [Gauge] [INFO] Initializing concepts cache with 0 concepts
23-11-2021 15:34:06.652 [Gauge] [INFO] Initializing specs cache with 2 specs
23-11-2021 15:34:06.652 [Gauge] [DEBUG] Adding specs from C:\Users\chris\IdeaProjects\ipi-java-350-ex\specs\employe.spec
23-11-2021 15:34:06.652 [Gauge] [DEBUG] Adding specs from C:\Users\chris\IdeaProjects\ipi-java-350-ex\specs\example.spec
23-11-2021 15:34:06.652 [Gauge] [INFO] Initializing steps cache with 2 steps
23-11-2021 15:34:06.653 [Gauge] [INFO] Gauge daemon initialized and listening on port: 50985
23-11-2021 15:34:06.679 [Gauge] [DEBUG] Watching directory: C:\Users\chris\IdeaProjects\ipi-java-350-ex\specs
23-11-2021 15:34:06.686 [Gauge] [DEBUG] Found 2 files
23-11-2021 15:34:09.052 [Gauge] [DEBUG] Api Request Received: messageType:GetStepValueRequest  messageId:4  stepValueRequest:{stepText:"J'obtiens \"0\""}
23-11-2021 15:34:09.054 [Gauge] [DEBUG] Sending API response: messageType:GetStepValueResponse  messageId:4  stepValueResponse:{stepValue:{stepValue:"J'obtiens {}"  parameterizedStepValue:"J'obtiens <0>"  parameters:"0"}}
23-11-2021 15:34:29.377 [Gauge] [DEBUG] Api Request Received: messageType:GetStepValueRequest  messageId:4  stepValueRequest:{stepText:"Soit un employé embauché cette année"}
23-11-2021 15:34:29.377 [Gauge] [DEBUG] Sending API response: messageType:GetStepValueResponse  messageId:4  stepValueResponse:{stepValue:{stepValue:"Soit un employé embauché cette année"  parameterizedStepValue:"Soit un employé embauché cette année"}}
23-11-2021 15:34:29.632 [Gauge] [DEBUG] Api Request Received: messageType:GetStepValueRequest  messageId:4  stepValueRequest:{stepText:"Vowels in English language are <vowelString>."}
23-11-2021 15:34:29.633 [Gauge] [DEBUG] Sending API response: messageType:GetStepValueResponse  messageId:4  stepValueResponse:{stepValue:{stepValue:"Vowels in English language are {}."  parameterizedStepValue:"Vowels in English language are <vowelString>."  parameters:"vowelString"}}
23-11-2021 15:34:29.633 [Gauge] [DEBUG] Api Request Received: messageType:GetStepValueRequest  messageId:4  stepValueRequest:{stepText:"Vowels in English language are <vowelString>."}
23-11-2021 15:34:29.633 [Gauge] [DEBUG] Sending API response: messageType:GetStepValueResponse  messageId:4  stepValueResponse:{stepValue:{stepValue:"Vowels in English language are {}."  parameterizedStepValue:"Vowels in English language are <vowelString>."  parameters:"vowelString"}}
23-11-2021 15:34:29.633 [Gauge] [DEBUG] Api Request Received: messageType:GetStepValueRequest  messageId:4  stepValueRequest:{stepText:"The word <word> has <expectedCount> vowels."}
23-11-2021 15:34:29.634 [Gauge] [DEBUG] Sending API response: messageType:GetStepValueResponse  messageId:4  stepValueResponse:{stepValue:{stepValue:"The word {} has {} vowels."  parameterizedStepValue:"The word <word> has <expectedCount> vowels."  parameters:"word"  parameters:"expectedCount"}}
23-11-2021 15:34:29.634 [Gauge] [DEBUG] Api Request Received: messageType:GetStepValueRequest  messageId:4  stepValueRequest:{stepText:"The word <word> has <expectedCount> vowels."}
23-11-2021 15:34:29.634 [Gauge] [DEBUG] Sending API response: messageType:GetStepValueResponse  messageId:4  stepValueResponse:{stepValue:{stepValue:"The word {} has {} vowels."  parameterizedStepValue:"The word <word> has <expectedCount> vowels."  parameters:"word"  parameters:"expectedCount"}}
23-11-2021 15:34:29.634 [Gauge] [DEBUG] Api Request Received: messageType:GetStepValueRequest  messageId:4  stepValueRequest:{stepText:"Almost all words have vowels <wordsTable>"}
23-11-2021 15:34:29.635 [Gauge] [DEBUG] Sending API response: messageType:GetStepValueResponse  messageId:4  stepValueResponse:{stepValue:{stepValue:"Almost all words have vowels {}"  parameterizedStepValue:"Almost all words have vowels <wordsTable>"  parameters:"wordsTable"}}
23-11-2021 15:34:29.635 [Gauge] [DEBUG] Api Request Received: messageType:GetStepValueRequest  messageId:4  stepValueRequest:{stepText:"Almost all words have vowels <wordsTable>"}
23-11-2021 15:34:29.635 [Gauge] [DEBUG] Sending API response: messageType:GetStepValueResponse  messageId:4  stepValueResponse:{stepValue:{stepValue:"Almost all words have vowels {}"  parameterizedStepValue:"Almost all words have vowels <wordsTable>"  parameters:"wordsTable"}}
23-11-2021 15:34:29.636 [Gauge] [DEBUG] Api Request Received: messageType:GetStepValueRequest  messageId:4  stepValueRequest:{stepText:"Lorsque je calcule son nombre d'année d'ancienneté"}
23-11-2021 15:34:29.636 [Gauge] [DEBUG] Sending API response: messageType:GetStepValueResponse  messageId:4  stepValueResponse:{stepValue:{stepValue:"Lorsque je calcule son nombre d'année d'ancienneté"  parameterizedStepValue:"Lorsque je calcule son nombre d'année d'ancienneté"}}
23-11-2021 15:34:29.637 [Gauge] [DEBUG] Api Request Received: messageType:GetStepValueRequest  messageId:4  stepValueRequest:{stepText:"J'obtiens <ancienneteCalculee>"}
23-11-2021 15:34:29.637 [Gauge] [DEBUG] Sending API response: messageType:GetStepValueResponse  messageId:4  stepValueResponse:{stepValue:{stepValue:"J'obtiens {}"  parameterizedStepValue:"J'obtiens <ancienneteCalculee>"  parameters:"ancienneteCalculee"}}
23-11-2021 15:34:41.154 [Gauge] [DEBUG] Api Request Received: messageType:GetStepValueRequest  messageId:4  stepValueRequest:{stepText:"Vowels in English language are \"aeiou\"."}
23-11-2021 15:34:41.154 [Gauge] [DEBUG] Sending API response: messageType:GetStepValueResponse  messageId:4  stepValueResponse:{stepValue:{stepValue:"Vowels in English language are {}."  parameterizedStepValue:"Vowels in English language are <aeiou>."  parameters:"aeiou"}}
23-11-2021 15:34:41.154 [Gauge] [DEBUG] Api Request Received: messageType:GetStepValueRequest  messageId:4  stepValueRequest:{stepText:"The word \"gauge\" has \"3\" vowels."}
23-11-2021 15:34:41.155 [Gauge] [DEBUG] Sending API response: messageType:GetStepValueResponse  messageId:4  stepValueResponse:{stepValue:{stepValue:"The word {} has {} vowels."  parameterizedStepValue:"The word <gauge> has <3> vowels."  parameters:"gauge"  parameters:"3"}}
23-11-2021 15:34:41.158 [Gauge] [DEBUG] Api Request Received: messageType:GetStepValueRequest  messageId:4  stepValueRequest:{stepText:"Almost all words have vowels"  hasInlineTable:true}
23-11-2021 15:34:41.158 [Gauge] [DEBUG] Sending API response: messageType:GetStepValueResponse  messageId:4  stepValueResponse:{stepValue:{stepValue:"Almost all words have vowels {}"  parameterizedStepValue:"Almost all words have vowels <table>"  parameters:"table"}}
23-11-2021 16:12:38.559 [Gauge] [INFO] Initializing concepts cache with 0 concepts
23-11-2021 16:12:38.571 [Gauge] [INFO] Initializing specs cache with 2 specs
23-11-2021 16:12:38.571 [Gauge] [DEBUG] Adding specs from C:\Users\chris\IdeaProjects\ipi-java-350-ex\specs\example.spec
23-11-2021 16:12:38.571 [Gauge] [DEBUG] Adding specs from C:\Users\chris\IdeaProjects\ipi-java-350-ex\specs\employe.spec
23-11-2021 16:12:38.571 [Gauge] [INFO] Initializing steps cache with 2 steps
23-11-2021 16:12:38.571 [Gauge] [INFO] Gauge daemon initialized and listening on port: 58539
23-11-2021 16:12:38.578 [Gauge] [DEBUG] Watching directory: C:\Users\chris\IdeaProjects\ipi-java-350-ex\specs
23-11-2021 16:12:38.583 [Gauge] [DEBUG] Found 2 files
23-11-2021 16:13:26.257 [Gauge] [DEBUG] Api Request Received: messageType:GetStepValueRequest  messageId:4  stepValueRequest:{stepText:"Soit un employé embauché cette année"}
23-11-2021 16:13:26.257 [Gauge] [DEBUG] Sending API response: messageType:GetStepValueResponse  messageId:4  stepValueResponse:{stepValue:{stepValue:"Soit un employé embauché cette année"  parameterizedStepValue:"Soit un employé embauché cette année"}}
23-11-2021 16:13:26.822 [Gauge] [DEBUG] Api Request Received: messageType:GetStepValueRequest  messageId:4  stepValueRequest:{stepText:"Vowels in English language are <vowelString>."}
23-11-2021 16:13:26.823 [Gauge] [DEBUG] Sending API response: messageType:GetStepValueResponse  messageId:4  stepValueResponse:{stepValue:{stepValue:"Vowels in English language are {}."  parameterizedStepValue:"Vowels in English language are <vowelString>."  parameters:"vowelString"}}
23-11-2021 16:13:26.824 [Gauge] [DEBUG] Api Request Received: messageType:GetStepValueRequest  messageId:4  stepValueRequest:{stepText:"The word <word> has <expectedCount> vowels."}
23-11-2021 16:13:26.825 [Gauge] [DEBUG] Sending API response: messageType:GetStepValueResponse  messageId:4  stepValueResponse:{stepValue:{stepValue:"The word {} has {} vowels."  parameterizedStepValue:"The word <word> has <expectedCount> vowels."  parameters:"word"  parameters:"expectedCount"}}
23-11-2021 16:13:26.825 [Gauge] [DEBUG] Api Request Received: messageType:GetStepValueRequest  messageId:4  stepValueRequest:{stepText:"Almost all words have vowels <wordsTable>"}
23-11-2021 16:13:26.826 [Gauge] [DEBUG] Sending API response: messageType:GetStepValueResponse  messageId:4  stepValueResponse:{stepValue:{stepValue:"Almost all words have vowels {}"  parameterizedStepValue:"Almost all words have vowels <wordsTable>"  parameters:"wordsTable"}}
23-11-2021 16:13:26.828 [Gauge] [DEBUG] Api Request Received: messageType:GetStepValueRequest  messageId:4  stepValueRequest:{stepText:"Lorsque je calcule son nombre d'année d'ancienneté"}
23-11-2021 16:13:26.829 [Gauge] [DEBUG] Sending API response: messageType:GetStepValueResponse  messageId:4  stepValueResponse:{stepValue:{stepValue:"Lorsque je calcule son nombre d'année d'ancienneté"  parameterizedStepValue:"Lorsque je calcule son nombre d'année d'ancienneté"}}
23-11-2021 16:13:26.834 [Gauge] [DEBUG] Api Request Received: messageType:GetStepValueRequest  messageId:4  stepValueRequest:{stepText:"J'obtiens \"0\""}
23-11-2021 16:13:26.834 [Gauge] [DEBUG] Sending API response: messageType:GetStepValueResponse  messageId:4  stepValueResponse:{stepValue:{stepValue:"J'obtiens {}"  parameterizedStepValue:"J'obtiens <0>"  parameters:"0"}}
23-11-2021 16:13:26.836 [Gauge] [DEBUG] Api Request Received: messageType:GetStepValueRequest  messageId:4  stepValueRequest:{stepText:"J'obtiens <ancienneteCalculee>"}
23-11-2021 16:13:26.837 [Gauge] [DEBUG] Sending API response: messageType:GetStepValueResponse  messageId:4  stepValueResponse:{stepValue:{stepValue:"J'obtiens {}"  parameterizedStepValue:"J'obtiens <ancienneteCalculee>"  parameters:"ancienneteCalculee"}}
23-11-2021 16:18:16.066 [Gauge] [INFO] Initializing concepts cache with 0 concepts
23-11-2021 16:18:16.070 [Gauge] [INFO] Initializing specs cache with 2 specs
23-11-2021 16:18:16.070 [Gauge] [DEBUG] Adding specs from C:\Users\chris\IdeaProjects\ipi-java-350-ex\specs\employe.spec
23-11-2021 16:18:16.070 [Gauge] [DEBUG] Adding specs from C:\Users\chris\IdeaProjects\ipi-java-350-ex\specs\example.spec
23-11-2021 16:18:16.070 [Gauge] [INFO] Initializing steps cache with 2 steps
23-11-2021 16:18:16.070 [Gauge] [INFO] Gauge daemon initialized and listening on port: 58753
23-11-2021 16:18:16.114 [Gauge] [DEBUG] Watching directory: C:\Users\chris\IdeaProjects\ipi-java-350-ex\specs
23-11-2021 16:18:16.115 [Gauge] [DEBUG] Found 2 files
23-11-2021 16:18:42.884 [Gauge] [DEBUG] Api Request Received: messageType:GetStepValueRequest  messageId:4  stepValueRequest:{stepText:"Soit un employé embauché cette année"}
23-11-2021 16:18:42.885 [Gauge] [DEBUG] Sending API response: messageType:GetStepValueResponse  messageId:4  stepValueResponse:{stepValue:{stepValue:"Soit un employé embauché cette année"  parameterizedStepValue:"Soit un employé embauché cette année"}}
23-11-2021 16:18:43.008 [Gauge] [DEBUG] Api Request Received: messageType:GetStepValueRequest  messageId:4  stepValueRequest:{stepText:"Vowels in English language are <vowelString>."}
23-11-2021 16:18:43.009 [Gauge] [DEBUG] Sending API response: messageType:GetStepValueResponse  messageId:4  stepValueResponse:{stepValue:{stepValue:"Vowels in English language are {}."  parameterizedStepValue:"Vowels in English language are <vowelString>."  parameters:"vowelString"}}
23-11-2021 16:18:43.010 [Gauge] [DEBUG] Api Request Received: messageType:GetStepValueRequest  messageId:4  stepValueRequest:{stepText:"The word <word> has <expectedCount> vowels."}
23-11-2021 16:18:43.011 [Gauge] [DEBUG] Sending API response: messageType:GetStepValueResponse  messageId:4  stepValueResponse:{stepValue:{stepValue:"The word {} has {} vowels."  parameterizedStepValue:"The word <word> has <expectedCount> vowels."  parameters:"word"  parameters:"expectedCount"}}
23-11-2021 16:18:43.012 [Gauge] [DEBUG] Api Request Received: messageType:GetStepValueRequest  messageId:4  stepValueRequest:{stepText:"Almost all words have vowels <wordsTable>"}
23-11-2021 16:18:43.012 [Gauge] [DEBUG] Sending API response: messageType:GetStepValueResponse  messageId:4  stepValueResponse:{stepValue:{stepValue:"Almost all words have vowels {}"  parameterizedStepValue:"Almost all words have vowels <wordsTable>"  parameters:"wordsTable"}}
23-11-2021 16:18:43.015 [Gauge] [DEBUG] Api Request Received: messageType:GetStepValueRequest  messageId:4  stepValueRequest:{stepText:"Lorsque je calcule son nombre d'année d'ancienneté"}
23-11-2021 16:18:43.016 [Gauge] [DEBUG] Sending API response: messageType:GetStepValueResponse  messageId:4  stepValueResponse:{stepValue:{stepValue:"Lorsque je calcule son nombre d'année d'ancienneté"  parameterizedStepValue:"Lorsque je calcule son nombre d'année d'ancienneté"}}
23-11-2021 16:18:43.020 [Gauge] [DEBUG] Api Request Received: messageType:GetStepValueRequest  messageId:4  stepValueRequest:{stepText:"J'obtiens \"0\""}
23-11-2021 16:18:43.024 [Gauge] [DEBUG] Sending API response: messageType:GetStepValueResponse  messageId:4  stepValueResponse:{stepValue:{stepValue:"J'obtiens {}"  parameterizedStepValue:"J'obtiens <0>"  parameters:"0"}}
23-11-2021 16:18:43.027 [Gauge] [DEBUG] Api Request Received: messageType:GetStepValueRequest  messageId:4  stepValueRequest:{stepText:"J'obtiens <ancienneteCalculee>"}
23-11-2021 16:18:43.027 [Gauge] [DEBUG] Sending API response: messageType:GetStepValueResponse  messageId:4  stepValueResponse:{stepValue:{stepValue:"J'obtiens {}"  parameterizedStepValue:"J'obtiens <ancienneteCalculee>"  parameters:"ancienneteCalculee"}}
24-11-2021 11:05:39.599 [Gauge] [INFO] Closing connection [127.0.0.1:58754] cause: read tcp 127.0.0.1:58753->127.0.0.1:58754: wsarecv: Une connexion existante a dû être fermée par l’hôte distant.
24-11-2021 11:05:40.430 [Gauge] [CRITICAL] Killing Gauge daemon. Parent process with pid 468 has terminated.
20-12-2021 16:17:56.002 [Gauge] [INFO] Initializing concepts cache with 0 concepts
20-12-2021 16:17:56.073 [Gauge] [INFO] Initializing specs cache with 2 specs
20-12-2021 16:17:56.073 [Gauge] [DEBUG] Adding specs from C:\Users\chris\IdeaProjects\ipi-java-350-ex\specs\example.spec
20-12-2021 16:17:56.073 [Gauge] [DEBUG] Adding specs from C:\Users\chris\IdeaProjects\ipi-java-350-ex\specs\employe.spec
20-12-2021 16:17:56.073 [Gauge] [INFO] Initializing steps cache with 2 steps
20-12-2021 16:17:56.073 [Gauge] [INFO] Gauge daemon initialized and listening on port: 61562
20-12-2021 16:17:56.108 [Gauge] [DEBUG] Watching directory: C:\Users\chris\IdeaProjects\ipi-java-350-ex\specs
20-12-2021 16:17:56.108 [Gauge] [DEBUG] Found 2 files
21-12-2021 10:33:20.020 [Gauge] [INFO] Initializing concepts cache with 0 concepts
21-12-2021 10:33:20.032 [Gauge] [INFO] Initializing specs cache with 2 specs
21-12-2021 10:33:20.032 [Gauge] [DEBUG] Adding specs from C:\Users\chris\IdeaProjects\ipi-java-350-ex\specs\employe.spec
21-12-2021 10:33:20.032 [Gauge] [DEBUG] Adding specs from C:\Users\chris\IdeaProjects\ipi-java-350-ex\specs\example.spec
21-12-2021 10:33:20.032 [Gauge] [INFO] Initializing steps cache with 2 steps
21-12-2021 10:33:20.032 [Gauge] [INFO] Gauge daemon initialized and listening on port: 54362
21-12-2021 10:33:20.042 [Gauge] [DEBUG] Watching directory: C:\Users\chris\IdeaProjects\ipi-java-350-ex\specs
21-12-2021 10:33:20.042 [Gauge] [DEBUG] Found 2 files
22-12-2021 15:01:05.319 [Gauge] [DEBUG] Api Request Received: messageType:GetStepValueRequest  messageId:4  stepValueRequest:{stepText:"Soit un employé embauché cette année"}
22-12-2021 15:01:05.321 [Gauge] [DEBUG] Sending API response: messageType:GetStepValueResponse  messageId:4  stepValueResponse:{stepValue:{stepValue:"Soit un employé embauché cette année"  parameterizedStepValue:"Soit un employé embauché cette année"}}
22-12-2021 15:01:05.422 [Gauge] [DEBUG] Api Request Received: messageType:GetStepValueRequest  messageId:4  stepValueRequest:{stepText:"Vowels in English language are <vowelString>."}
22-12-2021 15:01:05.422 [Gauge] [DEBUG] Sending API response: messageType:GetStepValueResponse  messageId:4  stepValueResponse:{stepValue:{stepValue:"Vowels in English language are {}."  parameterizedStepValue:"Vowels in English language are <vowelString>."  parameters:"vowelString"}}
22-12-2021 15:01:05.425 [Gauge] [DEBUG] Api Request Received: messageType:GetStepValueRequest  messageId:4  stepValueRequest:{stepText:"The word <word> has <expectedCount> vowels."}
22-12-2021 15:01:05.425 [Gauge] [DEBUG] Sending API response: messageType:GetStepValueResponse  messageId:4  stepValueResponse:{stepValue:{stepValue:"The word {} has {} vowels."  parameterizedStepValue:"The word <word> has <expectedCount> vowels."  parameters:"word"  parameters:"expectedCount"}}
22-12-2021 15:01:05.425 [Gauge] [DEBUG] Api Request Received: messageType:GetStepValueRequest  messageId:4  stepValueRequest:{stepText:"Almost all words have vowels <wordsTable>"}
22-12-2021 15:01:05.426 [Gauge] [DEBUG] Sending API response: messageType:GetStepValueResponse  messageId:4  stepValueResponse:{stepValue:{stepValue:"Almost all words have vowels {}"  parameterizedStepValue:"Almost all words have vowels <wordsTable>"  parameters:"wordsTable"}}
22-12-2021 15:01:05.447 [Gauge] [DEBUG] Api Request Received: messageType:GetStepValueRequest  messageId:4  stepValueRequest:{stepText:"Lorsque je calcule son nombre d'année d'ancienneté"}
22-12-2021 15:01:05.447 [Gauge] [DEBUG] Sending API response: messageType:GetStepValueResponse  messageId:4  stepValueResponse:{stepValue:{stepValue:"Lorsque je calcule son nombre d'année d'ancienneté"  parameterizedStepValue:"Lorsque je calcule son nombre d'année d'ancienneté"}}
22-12-2021 15:01:05.450 [Gauge] [DEBUG] Api Request Received: messageType:GetStepValueRequest  messageId:4  stepValueRequest:{stepText:"J'obtiens \"0\""}
22-12-2021 15:01:05.461 [Gauge] [DEBUG] Sending API response: messageType:GetStepValueResponse  messageId:4  stepValueResponse:{stepValue:{stepValue:"J'obtiens {}"  parameterizedStepValue:"J'obtiens <0>"  parameters:"0"}}
22-12-2021 15:01:05.464 [Gauge] [DEBUG] Api Request Received: messageType:GetStepValueRequest  messageId:4  stepValueRequest:{stepText:"J'obtiens <ancienneteCalculee>"}
22-12-2021 15:01:05.464 [Gauge] [DEBUG] Sending API response: messageType:GetStepValueResponse  messageId:4  stepValueResponse:{stepValue:{stepValue:"J'obtiens {}"  parameterizedStepValue:"J'obtiens <ancienneteCalculee>"  parameters:"ancienneteCalculee"}}
22-12-2021 15:01:13.926 [Gauge] [DEBUG] Spec file added / modified: C:\Users\chris\IdeaProjects\ipi-java-350-ex\specs\employe.spec
22-12-2021 15:01:13.929 [Gauge] [DEBUG] Spec file added / modified: C:\Users\chris\IdeaProjects\ipi-java-350-ex\specs\employe.spec
22-12-2021 15:01:13.931 [Gauge] [DEBUG] Spec file added / modified: C:\Users\chris\IdeaProjects\ipi-java-350-ex\specs\employe.spec
22-12-2021 15:01:20.507 [Gauge] [DEBUG] Spec file added / modified: C:\Users\chris\IdeaProjects\ipi-java-350-ex\specs\employe.spec
22-12-2021 15:01:20.510 [Gauge] [DEBUG] Spec file added / modified: C:\Users\chris\IdeaProjects\ipi-java-350-ex\specs\employe.spec
22-12-2021 15:01:29.490 [Gauge] [DEBUG] Spec file added / modified: C:\Users\chris\IdeaProjects\ipi-java-350-ex\specs\employe.spec
22-12-2021 15:01:29.493 [Gauge] [DEBUG] Spec file added / modified: C:\Users\chris\IdeaProjects\ipi-java-350-ex\specs\employe.spec
22-12-2021 15:01:33.488 [Gauge] [DEBUG] Spec file added / modified: C:\Users\chris\IdeaProjects\ipi-java-350-ex\specs\employe.spec
22-12-2021 15:01:33.492 [Gauge] [DEBUG] Spec file added / modified: C:\Users\chris\IdeaProjects\ipi-java-350-ex\specs\employe.spec
22-12-2021 15:04:39.989 [Gauge] [DEBUG] Api Request Received: messageType:GetStepValueRequest  messageId:4  stepValueRequest:{stepText:"Vowels in English language are \"aeiou\"."}
22-12-2021 15:04:39.990 [Gauge] [DEBUG] Sending API response: messageType:GetStepValueResponse  messageId:4  stepValueResponse:{stepValue:{stepValue:"Vowels in English language are {}."  parameterizedStepValue:"Vowels in English language are <aeiou>."  parameters:"aeiou"}}
22-12-2021 15:04:40.077 [Gauge] [DEBUG] Api Request Received: messageType:GetStepValueRequest  messageId:4  stepValueRequest:{stepText:"The word \"gauge\" has \"3\" vowels."}
22-12-2021 15:04:40.078 [Gauge] [DEBUG] Sending API response: messageType:GetStepValueResponse  messageId:4  stepValueResponse:{stepValue:{stepValue:"The word {} has {} vowels."  parameterizedStepValue:"The word <gauge> has <3> vowels."  parameters:"gauge"  parameters:"3"}}
22-12-2021 15:04:40.116 [Gauge] [DEBUG] Api Request Received: messageType:GetStepValueRequest  messageId:4  stepValueRequest:{stepText:"Almost all words have vowels"  hasInlineTable:true}
22-12-2021 15:04:40.117 [Gauge] [DEBUG] Sending API response: messageType:GetStepValueResponse  messageId:4  stepValueResponse:{stepValue:{stepValue:"Almost all words have vowels {}"  parameterizedStepValue:"Almost all words have vowels <table>"  parameters:"table"}}
22-12-2021 15:16:06.713 [Gauge] [DEBUG] Api Request Received: messageType:GetStepValueRequest  messageId:4  stepValueRequest:{}
22-12-2021 15:16:06.714 [Gauge] [DEBUG] Sending API response: messageType:GetStepValueResponse  messageId:4  stepValueResponse:{stepValue:{}}
22-12-2021 15:16:06.754 [Gauge] [DEBUG] Api Request Received: messageType:GetStepValueRequest  messageId:4  stepValueRequest:{}
22-12-2021 15:16:06.754 [Gauge] [DEBUG] Sending API response: messageType:GetStepValueResponse  messageId:4  stepValueResponse:{stepValue:{}}
22-12-2021 15:16:06.993 [Gauge] [DEBUG] Api Request Received: messageType:GetStepValueRequest  messageId:4  stepValueRequest:{}
22-12-2021 15:16:06.994 [Gauge] [DEBUG] Sending API response: messageType:GetStepValueResponse  messageId:4  stepValueResponse:{stepValue:{}}
22-12-2021 15:16:06.994 [Gauge] [DEBUG] Api Request Received: messageType:GetStepValueRequest  messageId:4  stepValueRequest:{}
22-12-2021 15:16:06.995 [Gauge] [DEBUG] Sending API response: messageType:GetStepValueResponse  messageId:4  stepValueResponse:{stepValue:{}}
22-12-2021 15:16:07.046 [Gauge] [DEBUG] Api Request Received: messageType:GetStepValueRequest  messageId:4  stepValueRequest:{}
22-12-2021 15:16:07.049 [Gauge] [DEBUG] Sending API response: messageType:GetStepValueResponse  messageId:4  stepValueResponse:{stepValue:{}}
22-12-2021 15:16:07.052 [Gauge] [DEBUG] Api Request Received: messageType:GetStepValueRequest  messageId:4  stepValueRequest:{}
22-12-2021 15:16:07.054 [Gauge] [DEBUG] Sending API response: messageType:GetStepValueResponse  messageId:4  stepValueResponse:{stepValue:{}}
22-12-2021 15:16:07.055 [Gauge] [DEBUG] Api Request Received: messageType:GetStepValueRequest  messageId:4  stepValueRequest:{}
22-12-2021 15:16:07.055 [Gauge] [DEBUG] Sending API response: messageType:GetStepValueResponse  messageId:4  stepValueResponse:{stepValue:{}}
22-12-2021 15:16:07.218 [Gauge] [DEBUG] Api Request Received: messageType:GetStepValueRequest  messageId:4  stepValueRequest:{}
22-12-2021 15:16:07.218 [Gauge] [DEBUG] Sending API response: messageType:GetStepValueResponse  messageId:4  stepValueResponse:{stepValue:{}}
22-12-2021 15:16:07.218 [Gauge] [DEBUG] Api Request Received: messageType:GetStepValueRequest  messageId:4  stepValueRequest:{}
22-12-2021 15:16:07.218 [Gauge] [DEBUG] Sending API response: messageType:GetStepValueResponse  messageId:4  stepValueResponse:{stepValue:{}}
22-12-2021 15:16:07.219 [Gauge] [DEBUG] Api Request Received: messageType:GetStepValueRequest  messageId:4  stepValueRequest:{}
22-12-2021 15:16:07.219 [Gauge] [DEBUG] Sending API response: messageType:GetStepValueResponse  messageId:4  stepValueResponse:{stepValue:{}}
22-12-2021 15:16:07.220 [Gauge] [DEBUG] Api Request Received: messageType:GetStepValueRequest  messageId:4  stepValueRequest:{}
22-12-2021 15:16:07.220 [Gauge] [DEBUG] Sending API response: messageType:GetStepValueResponse  messageId:4  stepValueResponse:{stepValue:{}}
22-12-2021 15:16:07.312 [Gauge] [DEBUG] Api Request Received: messageType:GetStepValueRequest  messageId:4  stepValueRequest:{}
22-12-2021 15:16:07.312 [Gauge] [DEBUG] Sending API response: messageType:GetStepValueResponse  messageId:4  stepValueResponse:{stepValue:{}}
22-12-2021 15:16:07.313 [Gauge] [DEBUG] Api Request Received: messageType:GetStepValueRequest  messageId:4  stepValueRequest:{}
22-12-2021 15:16:07.313 [Gauge] [DEBUG] Sending API response: messageType:GetStepValueResponse  messageId:4  stepValueResponse:{stepValue:{}}
22-12-2021 15:16:07.404 [Gauge] [DEBUG] Api Request Received: messageType:GetStepValueRequest  messageId:4  stepValueRequest:{}
22-12-2021 15:16:07.405 [Gauge] [DEBUG] Sending API response: messageType:GetStepValueResponse  messageId:4  stepValueResponse:{stepValue:{}}
22-12-2021 15:16:07.406 [Gauge] [DEBUG] Api Request Received: messageType:GetStepValueRequest  messageId:4  stepValueRequest:{}
22-12-2021 15:16:07.406 [Gauge] [DEBUG] Sending API response: messageType:GetStepValueResponse  messageId:4  stepValueResponse:{stepValue:{}}
22-12-2021 15:16:07.410 [Gauge] [DEBUG] Api Request Received: messageType:GetStepValueRequest  messageId:4  stepValueRequest:{}
22-12-2021 15:16:07.410 [Gauge] [DEBUG] Sending API response: messageType:GetStepValueResponse  messageId:4  stepValueResponse:{stepValue:{}}
22-12-2021 15:16:07.411 [Gauge] [DEBUG] Api Request Received: messageType:GetStepValueRequest  messageId:4  stepValueRequest:{}
22-12-2021 15:16:07.411 [Gauge] [DEBUG] Sending API response: messageType:GetStepValueResponse  messageId:4  stepValueResponse:{stepValue:{}}
22-12-2021 15:16:07.589 [Gauge] [DEBUG] Api Request Received: messageType:GetStepValueRequest  messageId:4  stepValueRequest:{}
22-12-2021 15:16:07.589 [Gauge] [DEBUG] Sending API response: messageType:GetStepValueResponse  messageId:4  stepValueResponse:{stepValue:{}}
22-12-2021 15:16:07.591 [Gauge] [DEBUG] Api Request Received: messageType:GetStepValueRequest  messageId:4  stepValueRequest:{}
22-12-2021 15:16:07.592 [Gauge] [DEBUG] Sending API response: messageType:GetStepValueResponse  messageId:4  stepValueResponse:{stepValue:{}}
22-12-2021 15:16:07.638 [Gauge] [DEBUG] Api Request Received: messageType:GetStepValueRequest  messageId:4  stepValueRequest:{}
22-12-2021 15:16:07.639 [Gauge] [DEBUG] Sending API response: messageType:GetStepValueResponse  messageId:4  stepValueResponse:{stepValue:{}}
22-12-2021 15:16:07.639 [Gauge] [DEBUG] Api Request Received: messageType:GetStepValueRequest  messageId:4  stepValueRequest:{}
22-12-2021 15:16:07.640 [Gauge] [DEBUG] Sending API response: messageType:GetStepValueResponse  messageId:4  stepValueResponse:{stepValue:{}}
22-12-2021 15:16:07.684 [Gauge] [DEBUG] Api Request Received: messageType:GetStepValueRequest  messageId:4  stepValueRequest:{}
22-12-2021 15:16:07.685 [Gauge] [DEBUG] Sending API response: messageType:GetStepValueResponse  messageId:4  stepValueResponse:{stepValue:{}}
22-12-2021 15:16:07.685 [Gauge] [DEBUG] Api Request Received: messageType:GetStepValueRequest  messageId:4  stepValueRequest:{}
22-12-2021 15:16:07.685 [Gauge] [DEBUG] Sending API response: messageType:GetStepValueResponse  messageId:4  stepValueResponse:{stepValue:{}}
22-12-2021 15:16:07.727 [Gauge] [DEBUG] Api Request Received: messageType:GetStepValueRequest  messageId:4  stepValueRequest:{}
22-12-2021 15:16:07.727 [Gauge] [DEBUG] Sending API response: messageType:GetStepValueResponse  messageId:4  stepValueResponse:{stepValue:{}}
22-12-2021 15:16:07.727 [Gauge] [DEBUG] Api Request Received: messageType:GetStepValueRequest  messageId:4  stepValueRequest:{}
22-12-2021 15:16:07.727 [Gauge] [DEBUG] Sending API response: messageType:GetStepValueResponse  messageId:4  stepValueResponse:{stepValue:{}}
22-12-2021 15:16:07.777 [Gauge] [DEBUG] Api Request Received: messageType:GetStepValueRequest  messageId:4  stepValueRequest:{}
22-12-2021 15:16:07.778 [Gauge] [DEBUG] Sending API response: messageType:GetStepValueResponse  messageId:4  stepValueResponse:{stepValue:{}}
22-12-2021 15:16:07.779 [Gauge] [DEBUG] Api Request Received: messageType:GetStepValueRequest  messageId:4  stepValueRequest:{}
22-12-2021 15:16:07.779 [Gauge] [DEBUG] Sending API response: messageType:GetStepValueResponse  messageId:4  stepValueResponse:{stepValue:{}}
22-12-2021 15:16:07.830 [Gauge] [DEBUG] Api Request Received: messageType:GetStepValueRequest  messageId:4  stepValueRequest:{}
22-12-2021 15:16:07.830 [Gauge] [DEBUG] Sending API response: messageType:GetStepValueResponse  messageId:4  stepValueResponse:{stepValue:{}}
22-12-2021 15:16:07.831 [Gauge] [DEBUG] Api Request Received: messageType:GetStepValueRequest  messageId:4  stepValueRequest:{}
22-12-2021 15:16:07.832 [Gauge] [DEBUG] Sending API response: messageType:GetStepValueResponse  messageId:4  stepValueResponse:{stepValue:{}}
22-12-2021 15:16:07.887 [Gauge] [DEBUG] Api Request Received: messageType:GetStepValueRequest  messageId:4  stepValueRequest:{}
22-12-2021 15:16:07.887 [Gauge] [DEBUG] Sending API response: messageType:GetStepValueResponse  messageId:4  stepValueResponse:{stepValue:{}}
22-12-2021 15:16:07.889 [Gauge] [DEBUG] Api Request Received: messageType:GetStepValueRequest  messageId:4  stepValueRequest:{}
22-12-2021 15:16:07.889 [Gauge] [DEBUG] Sending API response: messageType:GetStepValueResponse  messageId:4  stepValueResponse:{stepValue:{}}
22-12-2021 15:16:07.934 [Gauge] [DEBUG] Api Request Received: messageType:GetStepValueRequest  messageId:4  stepValueRequest:{}
22-12-2021 15:16:07.937 [Gauge] [DEBUG] Sending API response: messageType:GetStepValueResponse  messageId:4  stepValueResponse:{stepValue:{}}
22-12-2021 15:16:07.937 [Gauge] [DEBUG] Api Request Received: messageType:GetStepValueRequest  messageId:4  stepValueRequest:{}
22-12-2021 15:16:07.938 [Gauge] [DEBUG] Sending API response: messageType:GetStepValueResponse  messageId:4  stepValueResponse:{stepValue:{}}
22-12-2021 15:16:08.420 [Gauge] [DEBUG] Api Request Received: messageType:GetStepValueRequest  messageId:4  stepValueRequest:{}
22-12-2021 15:16:08.421 [Gauge] [DEBUG] Sending API response: messageType:GetStepValueResponse  messageId:4  stepValueResponse:{stepValue:{}}
22-12-2021 15:16:08.421 [Gauge] [DEBUG] Api Request Received: messageType:GetStepValueRequest  messageId:4  stepValueRequest:{}
22-12-2021 15:16:08.421 [Gauge] [DEBUG] Sending API response: messageType:GetStepValueResponse  messageId:4  stepValueResponse:{stepValue:{}}
22-12-2021 15:16:08.426 [Gauge] [DEBUG] Api Request Received: messageType:GetStepValueRequest  messageId:4  stepValueRequest:{}
22-12-2021 15:16:08.426 [Gauge] [DEBUG] Sending API response: messageType:GetStepValueResponse  messageId:4  stepValueResponse:{stepValue:{}}
22-12-2021 15:16:08.427 [Gauge] [DEBUG] Api Request Received: messageType:GetStepValueRequest  messageId:4  stepValueRequest:{}
22-12-2021 15:16:08.427 [Gauge] [DEBUG] Sending API response: messageType:GetStepValueResponse  messageId:4  stepValueResponse:{stepValue:{}}
22-12-2021 15:16:08.564 [Gauge] [DEBUG] Api Request Received: messageType:GetStepValueRequest  messageId:4  stepValueRequest:{stepText:"S"}
22-12-2021 15:16:08.564 [Gauge] [DEBUG] Sending API response: messageType:GetStepValueResponse  messageId:4  stepValueResponse:{stepValue:{stepValue:"S"  parameterizedStepValue:"S"}}
22-12-2021 15:16:08.664 [Gauge] [DEBUG] Api Request Received: messageType:GetAllStepsRequest  messageId:2  allStepsRequest:{}
22-12-2021 15:16:08.668 [Gauge] [DEBUG] Sending API response: messageType:GetAllStepResponse  messageId:2  allStepsResponse:{allSteps:{stepValue:"Vowels in English language are {}."  parameterizedStepValue:"Vowels in English language are <aeiou>."  parameters:"aeiou"}  allSteps:{stepValue:"The word {} has {} vowels."  parameterizedStepValue:"The word <gauge> has <3> vowels."  parameters:"gauge"  parameters:"3"}  allSteps:{stepValue:"Almost all words have vowels {}"  parameterizedStepValue:"Almost all words have vowels <table>"  parameters:"table"}  allSteps:{stepValue:"Soit un employé embauché cette année"  parameterizedStepValue:"Soit un employé embauché cette année"}  allSteps:{stepValue:"Lorsque je calcule son nombre d'année d'ancienneté"  parameterizedStepValue:"Lorsque je calcule son nombre d'année d'ancienneté"}  allSteps:{stepValue:"J'obtiens {}"  parameterizedStepValue:"J'obtiens <0>"  parameters:"0"}}
22-12-2021 15:16:08.679 [Gauge] [DEBUG] Api Request Received: messageType:GetAllConceptsRequest  messageId:6  allConceptsRequest:{}
22-12-2021 15:16:08.681 [Gauge] [DEBUG] Sending API response: messageType:GetAllConceptsResponse  messageId:6  allConceptsResponse:{}
22-12-2021 15:16:09.107 [Gauge] [DEBUG] Api Request Received: messageType:GetStepValueRequest  messageId:4  stepValueRequest:{stepText:"So"}
22-12-2021 15:16:09.108 [Gauge] [DEBUG] Sending API response: messageType:GetStepValueResponse  messageId:4  stepValueResponse:{stepValue:{stepValue:"So"  parameterizedStepValue:"So"}}
22-12-2021 15:16:09.237 [Gauge] [DEBUG] Api Request Received: messageType:GetStepValueRequest  messageId:4  stepValueRequest:{stepText:"Soi"}
22-12-2021 15:16:09.242 [Gauge] [DEBUG] Sending API response: messageType:GetStepValueResponse  messageId:4  stepValueResponse:{stepValue:{stepValue:"Soi"  parameterizedStepValue:"Soi"}}
22-12-2021 15:16:09.333 [Gauge] [DEBUG] Api Request Received: messageType:GetStepValueRequest  messageId:4  stepValueRequest:{stepText:"Soit"}
22-12-2021 15:16:09.334 [Gauge] [DEBUG] Sending API response: messageType:GetStepValueResponse  messageId:4  stepValueResponse:{stepValue:{stepValue:"Soit"  parameterizedStepValue:"Soit"}}
22-12-2021 15:16:09.675 [Gauge] [DEBUG] Api Request Received: messageType:GetStepValueRequest  messageId:4  stepValueRequest:{stepText:"Soit u"}
22-12-2021 15:16:09.677 [Gauge] [DEBUG] Sending API response: messageType:GetStepValueResponse  messageId:4  stepValueResponse:{stepValue:{stepValue:"Soit u"  parameterizedStepValue:"Soit u"}}
22-12-2021 15:16:09.691 [Gauge] [DEBUG] Api Request Received: messageType:GetAllStepsRequest  messageId:2  allStepsRequest:{}
22-12-2021 15:16:09.692 [Gauge] [DEBUG] Sending API response: messageType:GetAllStepResponse  messageId:2  allStepsResponse:{allSteps:{stepValue:"Soit un employé embauché cette année"  parameterizedStepValue:"Soit un employé embauché cette année"}  allSteps:{stepValue:"Lorsque je calcule son nombre d'année d'ancienneté"  parameterizedStepValue:"Lorsque je calcule son nombre d'année d'ancienneté"}  allSteps:{stepValue:"J'obtiens {}"  parameterizedStepValue:"J'obtiens <0>"  parameters:"0"}  allSteps:{stepValue:"Vowels in English language are {}."  parameterizedStepValue:"Vowels in English language are <aeiou>."  parameters:"aeiou"}  allSteps:{stepValue:"The word {} has {} vowels."  parameterizedStepValue:"The word <gauge> has <3> vowels."  parameters:"gauge"  parameters:"3"}  allSteps:{stepValue:"Almost all words have vowels {}"  parameterizedStepValue:"Almost all words have vowels <table>"  parameters:"table"}}
22-12-2021 15:16:09.694 [Gauge] [DEBUG] Api Request Received: messageType:GetAllConceptsRequest  messageId:6  allConceptsRequest:{}
22-12-2021 15:16:09.695 [Gauge] [DEBUG] Sending API response: messageType:GetAllConceptsResponse  messageId:6  allConceptsResponse:{}
22-12-2021 15:16:09.935 [Gauge] [DEBUG] Api Request Received: messageType:GetStepValueRequest  messageId:4  stepValueRequest:{stepText:"Soit un"}
22-12-2021 15:16:09.937 [Gauge] [DEBUG] Sending API response: messageType:GetStepValueResponse  messageId:4  stepValueResponse:{stepValue:{stepValue:"Soit un"  parameterizedStepValue:"Soit un"}}
22-12-2021 15:16:10.998 [Gauge] [DEBUG] Api Request Received: messageType:GetStepValueRequest  messageId:4  stepValueRequest:{stepText:"Soit un e"}
22-12-2021 15:16:10.999 [Gauge] [DEBUG] Sending API response: messageType:GetStepValueResponse  messageId:4  stepValueResponse:{stepValue:{stepValue:"Soit un e"  parameterizedStepValue:"Soit un e"}}
22-12-2021 15:16:11.008 [Gauge] [DEBUG] Api Request Received: messageType:GetAllStepsRequest  messageId:2  allStepsRequest:{}
22-12-2021 15:16:11.008 [Gauge] [DEBUG] Sending API response: messageType:GetAllStepResponse  messageId:2  allStepsResponse:{allSteps:{stepValue:"Almost all words have vowels {}"  parameterizedStepValue:"Almost all words have vowels <table>"  parameters:"table"}  allSteps:{stepValue:"Soit un employé embauché cette année"  parameterizedStepValue:"Soit un employé embauché cette année"}  allSteps:{stepValue:"Lorsque je calcule son nombre d'année d'ancienneté"  parameterizedStepValue:"Lorsque je calcule son nombre d'année d'ancienneté"}  allSteps:{stepValue:"J'obtiens {}"  parameterizedStepValue:"J'obtiens <0>"  parameters:"0"}  allSteps:{stepValue:"Vowels in English language are {}."  parameterizedStepValue:"Vowels in English language are <aeiou>."  parameters:"aeiou"}  allSteps:{stepValue:"The word {} has {} vowels."  parameterizedStepValue:"The word <gauge> has <3> vowels."  parameters:"gauge"  parameters:"3"}}
22-12-2021 15:16:11.009 [Gauge] [DEBUG] Api Request Received: messageType:GetAllConceptsRequest  messageId:6  allConceptsRequest:{}
22-12-2021 15:16:11.009 [Gauge] [DEBUG] Sending API response: messageType:GetAllConceptsResponse  messageId:6  allConceptsResponse:{}
22-12-2021 15:16:11.123 [Gauge] [DEBUG] Api Request Received: messageType:GetStepValueRequest  messageId:4  stepValueRequest:{stepText:"Soit un em"}
22-12-2021 15:16:11.128 [Gauge] [DEBUG] Sending API response: messageType:GetStepValueResponse  messageId:4  stepValueResponse:{stepValue:{stepValue:"Soit un em"  parameterizedStepValue:"Soit un em"}}
22-12-2021 15:16:11.346 [Gauge] [DEBUG] Api Request Received: messageType:GetStepValueRequest  messageId:4  stepValueRequest:{stepText:"Soit un emp"}
22-12-2021 15:16:11.346 [Gauge] [DEBUG] Sending API response: messageType:GetStepValueResponse  messageId:4  stepValueResponse:{stepValue:{stepValue:"Soit un emp"  parameterizedStepValue:"Soit un emp"}}
22-12-2021 15:16:11.508 [Gauge] [DEBUG] Api Request Received: messageType:GetStepValueRequest  messageId:4  stepValueRequest:{stepText:"Soit un empl"}
22-12-2021 15:16:11.508 [Gauge] [DEBUG] Sending API response: messageType:GetStepValueResponse  messageId:4  stepValueResponse:{stepValue:{stepValue:"Soit un empl"  parameterizedStepValue:"Soit un empl"}}
22-12-2021 15:16:11.724 [Gauge] [DEBUG] Api Request Received: messageType:GetStepValueRequest  messageId:4  stepValueRequest:{stepText:"Soit un emplo"}
22-12-2021 15:16:11.727 [Gauge] [DEBUG] Sending API response: messageType:GetStepValueResponse  messageId:4  stepValueResponse:{stepValue:{stepValue:"Soit un emplo"  parameterizedStepValue:"Soit un emplo"}}
22-12-2021 15:16:22.903 [Gauge] [DEBUG] Api Request Received: messageType:GetStepValueRequest  messageId:4  stepValueRequest:{stepText:"L"}
22-12-2021 15:16:22.904 [Gauge] [DEBUG] Sending API response: messageType:GetStepValueResponse  messageId:4  stepValueResponse:{stepValue:{stepValue:"L"  parameterizedStepValue:"L"}}
22-12-2021 15:16:22.941 [Gauge] [DEBUG] Api Request Received: messageType:GetAllStepsRequest  messageId:2  allStepsRequest:{}
22-12-2021 15:16:22.942 [Gauge] [DEBUG] Sending API response: messageType:GetAllStepResponse  messageId:2  allStepsResponse:{allSteps:{stepValue:"Soit un employé embauché cette année"  parameterizedStepValue:"Soit un employé embauché cette année"}  allSteps:{stepValue:"Lorsque je calcule son nombre d'année d'ancienneté"  parameterizedStepValue:"Lorsque je calcule son nombre d'année d'ancienneté"}  allSteps:{stepValue:"J'obtiens {}"  parameterizedStepValue:"J'obtiens <0>"  parameters:"0"}  allSteps:{stepValue:"Vowels in English language are {}."  parameterizedStepValue:"Vowels in English language are <aeiou>."  parameters:"aeiou"}  allSteps:{stepValue:"The word {} has {} vowels."  parameterizedStepValue:"The word <gauge> has <3> vowels."  parameters:"gauge"  parameters:"3"}  allSteps:{stepValue:"Almost all words have vowels {}"  parameterizedStepValue:"Almost all words have vowels <table>"  parameters:"table"}}
22-12-2021 15:16:22.998 [Gauge] [DEBUG] Api Request Received: messageType:GetAllConceptsRequest  messageId:6  allConceptsRequest:{}
22-12-2021 15:16:22.998 [Gauge] [DEBUG] Sending API response: messageType:GetAllConceptsResponse  messageId:6  allConceptsResponse:{}
22-12-2021 15:16:23.275 [Gauge] [DEBUG] Api Request Received: messageType:GetStepValueRequest  messageId:4  stepValueRequest:{stepText:"Lo"}
22-12-2021 15:16:23.276 [Gauge] [DEBUG] Sending API response: messageType:GetStepValueResponse  messageId:4  stepValueResponse:{stepValue:{stepValue:"Lo"  parameterizedStepValue:"Lo"}}
22-12-2021 15:16:23.471 [Gauge] [DEBUG] Api Request Received: messageType:GetStepValueRequest  messageId:4  stepValueRequest:{stepText:"Lor"}
22-12-2021 15:16:23.471 [Gauge] [DEBUG] Sending API response: messageType:GetStepValueResponse  messageId:4  stepValueResponse:{stepValue:{stepValue:"Lor"  parameterizedStepValue:"Lor"}}
22-12-2021 15:16:23.782 [Gauge] [DEBUG] Api Request Received: messageType:GetStepValueRequest  messageId:4  stepValueRequest:{stepText:"Lors"}
22-12-2021 15:16:23.783 [Gauge] [DEBUG] Sending API response: messageType:GetStepValueResponse  messageId:4  stepValueResponse:{stepValue:{stepValue:"Lors"  parameterizedStepValue:"Lors"}}
22-12-2021 15:16:24.084 [Gauge] [DEBUG] Api Request Received: messageType:GetStepValueRequest  messageId:4  stepValueRequest:{stepText:"Lorsq"}
22-12-2021 15:16:24.085 [Gauge] [DEBUG] Sending API response: messageType:GetStepValueResponse  messageId:4  stepValueResponse:{stepValue:{stepValue:"Lorsq"  parameterizedStepValue:"Lorsq"}}
22-12-2021 15:16:24.262 [Gauge] [DEBUG] Api Request Received: messageType:GetStepValueRequest  messageId:4  stepValueRequest:{stepText:"Lorsqu"}
22-12-2021 15:16:24.263 [Gauge] [DEBUG] Sending API response: messageType:GetStepValueResponse  messageId:4  stepValueResponse:{stepValue:{stepValue:"Lorsqu"  parameterizedStepValue:"Lorsqu"}}
22-12-2021 15:16:24.446 [Gauge] [DEBUG] Api Request Received: messageType:GetStepValueRequest  messageId:4  stepValueRequest:{stepText:"Lorsque"}
22-12-2021 15:16:24.446 [Gauge] [DEBUG] Sending API response: messageType:GetStepValueResponse  messageId:4  stepValueResponse:{stepValue:{stepValue:"Lorsque"  parameterizedStepValue:"Lorsque"}}
22-12-2021 15:16:24.693 [Gauge] [DEBUG] Api Request Received: messageType:GetStepValueRequest  messageId:4  stepValueRequest:{stepText:"Lorsque j"}
22-12-2021 15:16:24.693 [Gauge] [DEBUG] Sending API response: messageType:GetStepValueResponse  messageId:4  stepValueResponse:{stepValue:{stepValue:"Lorsque j"  parameterizedStepValue:"Lorsque j"}}
22-12-2021 15:16:24.838 [Gauge] [DEBUG] Api Request Received: messageType:GetAllStepsRequest  messageId:2  allStepsRequest:{}
22-12-2021 15:16:24.838 [Gauge] [DEBUG] Sending API response: messageType:GetAllStepResponse  messageId:2  allStepsResponse:{allSteps:{stepValue:"J'obtiens {}"  parameterizedStepValue:"J'obtiens <0>"  parameters:"0"}  allSteps:{stepValue:"Vowels in English language are {}."  parameterizedStepValue:"Vowels in English language are <aeiou>."  parameters:"aeiou"}  allSteps:{stepValue:"The word {} has {} vowels."  parameterizedStepValue:"The word <gauge> has <3> vowels."  parameters:"gauge"  parameters:"3"}  allSteps:{stepValue:"Almost all words have vowels {}"  parameterizedStepValue:"Almost all words have vowels <table>"  parameters:"table"}  allSteps:{stepValue:"Soit un employé embauché cette année"  parameterizedStepValue:"Soit un employé embauché cette année"}  allSteps:{stepValue:"Lorsque je calcule son nombre d'année d'ancienneté"  parameterizedStepValue:"Lorsque je calcule son nombre d'année d'ancienneté"}}
22-12-2021 15:16:24.839 [Gauge] [DEBUG] Api Request Received: messageType:GetAllConceptsRequest  messageId:6  allConceptsRequest:{}
22-12-2021 15:16:24.840 [Gauge] [DEBUG] Sending API response: messageType:GetAllConceptsResponse  messageId:6  allConceptsResponse:{}
22-12-2021 15:16:25.422 [Gauge] [DEBUG] Api Request Received: messageType:GetStepValueRequest  messageId:4  stepValueRequest:{stepText:"Lorsque je"}
22-12-2021 15:16:25.423 [Gauge] [DEBUG] Sending API response: messageType:GetStepValueResponse  messageId:4  stepValueResponse:{stepValue:{stepValue:"Lorsque je"  parameterizedStepValue:"Lorsque je"}}
22-12-2021 15:16:25.650 [Gauge] [DEBUG] Api Request Received: messageType:GetStepValueRequest  messageId:4  stepValueRequest:{stepText:"Lorsque je c"}
22-12-2021 15:16:25.650 [Gauge] [DEBUG] Sending API response: messageType:GetStepValueResponse  messageId:4  stepValueResponse:{stepValue:{stepValue:"Lorsque je c"  parameterizedStepValue:"Lorsque je c"}}
22-12-2021 15:16:25.672 [Gauge] [DEBUG] Api Request Received: messageType:GetAllStepsRequest  messageId:2  allStepsRequest:{}
22-12-2021 15:16:26.008 [Gauge] [DEBUG] Sending API response: messageType:GetAllStepResponse  messageId:2  allStepsResponse:{allSteps:{stepValue:"J'obtiens {}"  parameterizedStepValue:"J'obtiens <0>"  parameters:"0"}  allSteps:{stepValue:"Vowels in English language are {}."  parameterizedStepValue:"Vowels in English language are <aeiou>."  parameters:"aeiou"}  allSteps:{stepValue:"The word {} has {} vowels."  parameterizedStepValue:"The word <gauge> has <3> vowels."  parameters:"gauge"  parameters:"3"}  allSteps:{stepValue:"Almost all words have vowels {}"  parameterizedStepValue:"Almost all words have vowels <table>"  parameters:"table"}  allSteps:{stepValue:"Soit un employé embauché cette année"  parameterizedStepValue:"Soit un employé embauché cette année"}  allSteps:{stepValue:"Lorsque je calcule son nombre d'année d'ancienneté"  parameterizedStepValue:"Lorsque je calcule son nombre d'année d'ancienneté"}}
22-12-2021 15:16:26.009 [Gauge] [DEBUG] Api Request Received: messageType:GetAllConceptsRequest  messageId:6  allConceptsRequest:{}
22-12-2021 15:16:26.009 [Gauge] [DEBUG] Sending API response: messageType:GetAllConceptsResponse  messageId:6  allConceptsResponse:{}
22-12-2021 15:16:26.019 [Gauge] [DEBUG] Api Request Received: messageType:GetStepValueRequest  messageId:4  stepValueRequest:{stepText:"Lorsque je ca"}
22-12-2021 15:16:26.020 [Gauge] [DEBUG] Sending API response: messageType:GetStepValueResponse  messageId:4  stepValueResponse:{stepValue:{stepValue:"Lorsque je ca"  parameterizedStepValue:"Lorsque je ca"}}
22-12-2021 15:16:26.031 [Gauge] [DEBUG] Api Request Received: messageType:GetAllStepsRequest  messageId:2  allStepsRequest:{}
22-12-2021 15:16:26.031 [Gauge] [DEBUG] Sending API response: messageType:GetAllStepResponse  messageId:2  allStepsResponse:{allSteps:{stepValue:"The word {} has {} vowels."  parameterizedStepValue:"The word <gauge> has <3> vowels."  parameters:"gauge"  parameters:"3"}  allSteps:{stepValue:"Almost all words have vowels {}"  parameterizedStepValue:"Almost all words have vowels <table>"  parameters:"table"}  allSteps:{stepValue:"Soit un employé embauché cette année"  parameterizedStepValue:"Soit un employé embauché cette année"}  allSteps:{stepValue:"Lorsque je calcule son nombre d'année d'ancienneté"  parameterizedStepValue:"Lorsque je calcule son nombre d'année d'ancienneté"}  allSteps:{stepValue:"J'obtiens {}"  parameterizedStepValue:"J'obtiens <0>"  parameters:"0"}  allSteps:{stepValue:"Vowels in English language are {}."  parameterizedStepValue:"Vowels in English language are <aeiou>."  parameters:"aeiou"}}
22-12-2021 15:16:26.032 [Gauge] [DEBUG] Api Request Received: messageType:GetAllConceptsRequest  messageId:6  allConceptsRequest:{}
22-12-2021 15:16:26.032 [Gauge] [DEBUG] Sending API response: messageType:GetAllConceptsResponse  messageId:6  allConceptsResponse:{}
22-12-2021 15:16:26.153 [Gauge] [DEBUG] Api Request Received: messageType:GetStepValueRequest  messageId:4  stepValueRequest:{stepText:"Lorsque je cal"}
22-12-2021 15:16:26.153 [Gauge] [DEBUG] Sending API response: messageType:GetStepValueResponse  messageId:4  stepValueResponse:{stepValue:{stepValue:"Lorsque je cal"  parameterizedStepValue:"Lorsque je cal"}}
22-12-2021 15:16:26.583 [Gauge] [DEBUG] Api Request Received: messageType:GetStepValueRequest  messageId:4  stepValueRequest:{stepText:"Lorsque je calc"}
22-12-2021 15:16:26.583 [Gauge] [DEBUG] Sending API response: messageType:GetStepValueResponse  messageId:4  stepValueResponse:{stepValue:{stepValue:"Lorsque je calc"  parameterizedStepValue:"Lorsque je calc"}}
22-12-2021 15:16:26.740 [Gauge] [DEBUG] Api Request Received: messageType:GetStepValueRequest  messageId:4  stepValueRequest:{stepText:"Lorsque je calcu"}
22-12-2021 15:16:26.740 [Gauge] [DEBUG] Sending API response: messageType:GetStepValueResponse  messageId:4  stepValueResponse:{stepValue:{stepValue:"Lorsque je calcu"  parameterizedStepValue:"Lorsque je calcu"}}
22-12-2021 15:16:27.019 [Gauge] [DEBUG] Api Request Received: messageType:GetStepValueRequest  messageId:4  stepValueRequest:{stepText:"Lorsque je calcul"}
22-12-2021 15:16:27.020 [Gauge] [DEBUG] Sending API response: messageType:GetStepValueResponse  messageId:4  stepValueResponse:{stepValue:{stepValue:"Lorsque je calcul"  parameterizedStepValue:"Lorsque je calcul"}}
22-12-2021 15:16:28.257 [Gauge] [DEBUG] Api Request Received: messageType:GetStepValueRequest  messageId:4  stepValueRequest:{stepText:"Lorsque je calcule"}
22-12-2021 15:16:28.257 [Gauge] [DEBUG] Sending API response: messageType:GetStepValueResponse  messageId:4  stepValueResponse:{stepValue:{stepValue:"Lorsque je calcule"  parameterizedStepValue:"Lorsque je calcule"}}
22-12-2021 15:16:28.503 [Gauge] [DEBUG] Api Request Received: messageType:GetStepValueRequest  messageId:4  stepValueRequest:{stepText:"Lorsque je calcule s"}
22-12-2021 15:16:28.503 [Gauge] [DEBUG] Sending API response: messageType:GetStepValueResponse  messageId:4  stepValueResponse:{stepValue:{stepValue:"Lorsque je calcule s"  parameterizedStepValue:"Lorsque je calcule s"}}
22-12-2021 15:16:28.512 [Gauge] [DEBUG] Api Request Received: messageType:GetAllStepsRequest  messageId:2  allStepsRequest:{}
22-12-2021 15:16:28.512 [Gauge] [DEBUG] Sending API response: messageType:GetAllStepResponse  messageId:2  allStepsResponse:{allSteps:{stepValue:"Soit un employé embauché cette année"  parameterizedStepValue:"Soit un employé embauché cette année"}  allSteps:{stepValue:"Lorsque je calcule son nombre d'année d'ancienneté"  parameterizedStepValue:"Lorsque je calcule son nombre d'année d'ancienneté"}  allSteps:{stepValue:"J'obtiens {}"  parameterizedStepValue:"J'obtiens <0>"  parameters:"0"}  allSteps:{stepValue:"Vowels in English language are {}."  parameterizedStepValue:"Vowels in English language are <aeiou>."  parameters:"aeiou"}  allSteps:{stepValue:"The word {} has {} vowels."  parameterizedStepValue:"The word <gauge> has <3> vowels."  parameters:"gauge"  parameters:"3"}  allSteps:{stepValue:"Almost all words have vowels {}"  parameterizedStepValue:"Almost all words have vowels <table>"  parameters:"table"}}
22-12-2021 15:16:28.513 [Gauge] [DEBUG] Api Request Received: messageType:GetAllConceptsRequest  messageId:6  allConceptsRequest:{}
22-12-2021 15:16:28.513 [Gauge] [DEBUG] Sending API response: messageType:GetAllConceptsResponse  messageId:6  allConceptsResponse:{}
22-12-2021 15:16:28.625 [Gauge] [DEBUG] Api Request Received: messageType:GetStepValueRequest  messageId:4  stepValueRequest:{stepText:"Lorsque je calcule so"}
22-12-2021 15:16:28.626 [Gauge] [DEBUG] Sending API response: messageType:GetStepValueResponse  messageId:4  stepValueResponse:{stepValue:{stepValue:"Lorsque je calcule so"  parameterizedStepValue:"Lorsque je calcule so"}}
22-12-2021 15:16:28.867 [Gauge] [DEBUG] Api Request Received: messageType:GetStepValueRequest  messageId:4  stepValueRequest:{stepText:"Lorsque je calcule son"}
22-12-2021 15:16:28.872 [Gauge] [DEBUG] Sending API response: messageType:GetStepValueResponse  messageId:4  stepValueResponse:{stepValue:{stepValue:"Lorsque je calcule son"  parameterizedStepValue:"Lorsque je calcule son"}}
22-12-2021 15:16:29.855 [Gauge] [DEBUG] Api Request Received: messageType:GetStepValueRequest  messageId:4  stepValueRequest:{stepText:"Lorsque je calcule son a"}
22-12-2021 15:16:29.855 [Gauge] [DEBUG] Sending API response: messageType:GetStepValueResponse  messageId:4  stepValueResponse:{stepValue:{stepValue:"Lorsque je calcule son a"  parameterizedStepValue:"Lorsque je calcule son a"}}
22-12-2021 15:16:29.872 [Gauge] [DEBUG] Api Request Received: messageType:GetAllStepsRequest  messageId:2  allStepsRequest:{}
22-12-2021 15:16:29.873 [Gauge] [DEBUG] Sending API response: messageType:GetAllStepResponse  messageId:2  allStepsResponse:{allSteps:{stepValue:"Almost all words have vowels {}"  parameterizedStepValue:"Almost all words have vowels <table>"  parameters:"table"}  allSteps:{stepValue:"Soit un employé embauché cette année"  parameterizedStepValue:"Soit un employé embauché cette année"}  allSteps:{stepValue:"Lorsque je calcule son nombre d'année d'ancienneté"  parameterizedStepValue:"Lorsque je calcule son nombre d'année d'ancienneté"}  allSteps:{stepValue:"J'obtiens {}"  parameterizedStepValue:"J'obtiens <0>"  parameters:"0"}  allSteps:{stepValue:"Vowels in English language are {}."  parameterizedStepValue:"Vowels in English language are <aeiou>."  parameters:"aeiou"}  allSteps:{stepValue:"The word {} has {} vowels."  parameterizedStepValue:"The word <gauge> has <3> vowels."  parameters:"gauge"  parameters:"3"}}
22-12-2021 15:16:29.874 [Gauge] [DEBUG] Api Request Received: messageType:GetAllConceptsRequest  messageId:6  allConceptsRequest:{}
22-12-2021 15:16:29.875 [Gauge] [DEBUG] Sending API response: messageType:GetAllConceptsResponse  messageId:6  allConceptsResponse:{}
22-12-2021 15:16:29.876 [Gauge] [DEBUG] Api Request Received: messageType:GetAllStepsRequest  messageId:2  allStepsRequest:{}
22-12-2021 15:16:29.878 [Gauge] [DEBUG] Sending API response: messageType:GetAllStepResponse  messageId:2  allStepsResponse:{allSteps:{stepValue:"Soit un employé embauché cette année"  parameterizedStepValue:"Soit un employé embauché cette année"}  allSteps:{stepValue:"Lorsque je calcule son nombre d'année d'ancienneté"  parameterizedStepValue:"Lorsque je calcule son nombre d'année d'ancienneté"}  allSteps:{stepValue:"J'obtiens {}"  parameterizedStepValue:"J'obtiens <0>"  parameters:"0"}  allSteps:{stepValue:"Vowels in English language are {}."  parameterizedStepValue:"Vowels in English language are <aeiou>."  parameters:"aeiou"}  allSteps:{stepValue:"The word {} has {} vowels."  parameterizedStepValue:"The word <gauge> has <3> vowels."  parameters:"gauge"  parameters:"3"}  allSteps:{stepValue:"Almost all words have vowels {}"  parameterizedStepValue:"Almost all words have vowels <table>"  parameters:"table"}}
22-12-2021 15:16:29.879 [Gauge] [DEBUG] Api Request Received: messageType:GetAllConceptsRequest  messageId:6  allConceptsRequest:{}
22-12-2021 15:16:29.880 [Gauge] [DEBUG] Sending API response: messageType:GetAllConceptsResponse  messageId:6  allConceptsResponse:{}
22-12-2021 15:16:30.057 [Gauge] [DEBUG] Api Request Received: messageType:GetStepValueRequest  messageId:4  stepValueRequest:{stepText:"Lorsque je calcule son au"}
22-12-2021 15:16:30.058 [Gauge] [DEBUG] Sending API response: messageType:GetStepValueResponse  messageId:4  stepValueResponse:{stepValue:{stepValue:"Lorsque je calcule son au"  parameterizedStepValue:"Lorsque je calcule son au"}}
22-12-2021 15:16:30.442 [Gauge] [DEBUG] Api Request Received: messageType:GetStepValueRequest  messageId:4  stepValueRequest:{stepText:"Lorsque je calcule son aug"}
22-12-2021 15:16:30.448 [Gauge] [DEBUG] Sending API response: messageType:GetStepValueResponse  messageId:4  stepValueResponse:{stepValue:{stepValue:"Lorsque je calcule son aug"  parameterizedStepValue:"Lorsque je calcule son aug"}}
22-12-2021 15:16:30.807 [Gauge] [DEBUG] Api Request Received: messageType:GetStepValueRequest  messageId:4  stepValueRequest:{stepText:"Lorsque je calcule son augm"}
22-12-2021 15:16:30.808 [Gauge] [DEBUG] Sending API response: messageType:GetStepValueResponse  messageId:4  stepValueResponse:{stepValue:{stepValue:"Lorsque je calcule son augm"  parameterizedStepValue:"Lorsque je calcule son augm"}}
22-12-2021 15:16:30.901 [Gauge] [DEBUG] Api Request Received: messageType:GetStepValueRequest  messageId:4  stepValueRequest:{stepText:"Lorsque je calcule son augme"}
22-12-2021 15:16:30.902 [Gauge] [DEBUG] Sending API response: messageType:GetStepValueResponse  messageId:4  stepValueResponse:{stepValue:{stepValue:"Lorsque je calcule son augme"  parameterizedStepValue:"Lorsque je calcule son augme"}}
22-12-2021 15:16:31.090 [Gauge] [DEBUG] Api Request Received: messageType:GetStepValueRequest  messageId:4  stepValueRequest:{stepText:"Lorsque je calcule son augmen"}
22-12-2021 15:16:31.090 [Gauge] [DEBUG] Sending API response: messageType:GetStepValueResponse  messageId:4  stepValueResponse:{stepValue:{stepValue:"Lorsque je calcule son augmen"  parameterizedStepValue:"Lorsque je calcule son augmen"}}
22-12-2021 15:16:31.203 [Gauge] [DEBUG] Api Request Received: messageType:GetStepValueRequest  messageId:4  stepValueRequest:{stepText:"Lorsque je calcule son augment"}
22-12-2021 15:16:31.204 [Gauge] [DEBUG] Sending API response: messageType:GetStepValueResponse  messageId:4  stepValueResponse:{stepValue:{stepValue:"Lorsque je calcule son augment"  parameterizedStepValue:"Lorsque je calcule son augment"}}
22-12-2021 15:16:31.713 [Gauge] [DEBUG] Api Request Received: messageType:GetStepValueRequest  messageId:4  stepValueRequest:{stepText:"Lorsque je calcule son augmenta"}
22-12-2021 15:16:31.713 [Gauge] [DEBUG] Sending API response: messageType:GetStepValueResponse  messageId:4  stepValueResponse:{stepValue:{stepValue:"Lorsque je calcule son augmenta"  parameterizedStepValue:"Lorsque je calcule son augmenta"}}
22-12-2021 15:16:31.891 [Gauge] [DEBUG] Api Request Received: messageType:GetStepValueRequest  messageId:4  stepValueRequest:{stepText:"Lorsque je calcule son augmentat"}
22-12-2021 15:16:31.891 [Gauge] [DEBUG] Sending API response: messageType:GetStepValueResponse  messageId:4  stepValueResponse:{stepValue:{stepValue:"Lorsque je calcule son augmentat"  parameterizedStepValue:"Lorsque je calcule son augmentat"}}
22-12-2021 15:16:31.968 [Gauge] [DEBUG] Api Request Received: messageType:GetStepValueRequest  messageId:4  stepValueRequest:{stepText:"Lorsque je calcule son augmentati"}
22-12-2021 15:16:31.969 [Gauge] [DEBUG] Sending API response: messageType:GetStepValueResponse  messageId:4  stepValueResponse:{stepValue:{stepValue:"Lorsque je calcule son augmentati"  parameterizedStepValue:"Lorsque je calcule son augmentati"}}
22-12-2021 15:16:32.176 [Gauge] [DEBUG] Api Request Received: messageType:GetStepValueRequest  messageId:4  stepValueRequest:{stepText:"Lorsque je calcule son augmentatio"}
22-12-2021 15:16:32.177 [Gauge] [DEBUG] Sending API response: messageType:GetStepValueResponse  messageId:4  stepValueResponse:{stepValue:{stepValue:"Lorsque je calcule son augmentatio"  parameterizedStepValue:"Lorsque je calcule son augmentatio"}}
22-12-2021 15:16:32.417 [Gauge] [DEBUG] Api Request Received: messageType:GetStepValueRequest  messageId:4  stepValueRequest:{stepText:"Lorsque je calcule son augmentation"}
22-12-2021 15:16:32.419 [Gauge] [DEBUG] Sending API response: messageType:GetStepValueResponse  messageId:4  stepValueResponse:{stepValue:{stepValue:"Lorsque je calcule son augmentation"  parameterizedStepValue:"Lorsque je calcule son augmentation"}}
22-12-2021 15:16:32.650 [Gauge] [DEBUG] Api Request Received: messageType:GetStepValueRequest  messageId:4  stepValueRequest:{stepText:"Lorsque je calcule son augmentation d"}
22-12-2021 15:16:32.650 [Gauge] [DEBUG] Sending API response: messageType:GetStepValueResponse  messageId:4  stepValueResponse:{stepValue:{stepValue:"Lorsque je calcule son augmentation d"  parameterizedStepValue:"Lorsque je calcule son augmentation d"}}
22-12-2021 15:16:32.661 [Gauge] [DEBUG] Api Request Received: messageType:GetAllStepsRequest  messageId:2  allStepsRequest:{}
22-12-2021 15:16:32.661 [Gauge] [DEBUG] Sending API response: messageType:GetAllStepResponse  messageId:2  allStepsResponse:{allSteps:{stepValue:"The word {} has {} vowels."  parameterizedStepValue:"The word <gauge> has <3> vowels."  parameters:"gauge"  parameters:"3"}  allSteps:{stepValue:"Almost all words have vowels {}"  parameterizedStepValue:"Almost all words have vowels <table>"  parameters:"table"}  allSteps:{stepValue:"Soit un employé embauché cette année"  parameterizedStepValue:"Soit un employé embauché cette année"}  allSteps:{stepValue:"Lorsque je calcule son nombre d'année d'ancienneté"  parameterizedStepValue:"Lorsque je calcule son nombre d'année d'ancienneté"}  allSteps:{stepValue:"J'obtiens {}"  parameterizedStepValue:"J'obtiens <0>"  parameters:"0"}  allSteps:{stepValue:"Vowels in English language are {}."  parameterizedStepValue:"Vowels in English language are <aeiou>."  parameters:"aeiou"}}
22-12-2021 15:16:32.662 [Gauge] [DEBUG] Api Request Received: messageType:GetAllConceptsRequest  messageId:6  allConceptsRequest:{}
22-12-2021 15:16:32.662 [Gauge] [DEBUG] Sending API response: messageType:GetAllConceptsResponse  messageId:6  allConceptsResponse:{}
22-12-2021 15:16:32.663 [Gauge] [DEBUG] Api Request Received: messageType:GetAllStepsRequest  messageId:2  allStepsRequest:{}
22-12-2021 15:16:32.664 [Gauge] [DEBUG] Sending API response: messageType:GetAllStepResponse  messageId:2  allStepsResponse:{allSteps:{stepValue:"J'obtiens {}"  parameterizedStepValue:"J'obtiens <0>"  parameters:"0"}  allSteps:{stepValue:"Vowels in English language are {}."  parameterizedStepValue:"Vowels in English language are <aeiou>."  parameters:"aeiou"}  allSteps:{stepValue:"The word {} has {} vowels."  parameterizedStepValue:"The word <gauge> has <3> vowels."  parameters:"gauge"  parameters:"3"}  allSteps:{stepValue:"Almost all words have vowels {}"  parameterizedStepValue:"Almost all words have vowels <table>"  parameters:"table"}  allSteps:{stepValue:"Soit un employé embauché cette année"  parameterizedStepValue:"Soit un employé embauché cette année"}  allSteps:{stepValue:"Lorsque je calcule son nombre d'année d'ancienneté"  parameterizedStepValue:"Lorsque je calcule son nombre d'année d'ancienneté"}}
22-12-2021 15:16:32.664 [Gauge] [DEBUG] Api Request Received: messageType:GetAllConceptsRequest  messageId:6  allConceptsRequest:{}
22-12-2021 15:16:32.665 [Gauge] [DEBUG] Sending API response: messageType:GetAllConceptsResponse  messageId:6  allConceptsResponse:{}
22-12-2021 15:16:32.748 [Gauge] [DEBUG] Api Request Received: messageType:GetStepValueRequest  messageId:4  stepValueRequest:{stepText:"Lorsque je calcule son augmentation de"}
22-12-2021 15:16:32.749 [Gauge] [DEBUG] Sending API response: messageType:GetStepValueResponse  messageId:4  stepValueResponse:{stepValue:{stepValue:"Lorsque je calcule son augmentation de"  parameterizedStepValue:"Lorsque je calcule son augmentation de"}}
22-12-2021 15:16:33.256 [Gauge] [DEBUG] Api Request Received: messageType:GetStepValueRequest  messageId:4  stepValueRequest:{stepText:"Lorsque je calcule son augmentation de s"}
22-12-2021 15:16:33.257 [Gauge] [DEBUG] Sending API response: messageType:GetStepValueResponse  messageId:4  stepValueResponse:{stepValue:{stepValue:"Lorsque je calcule son augmentation de s"  parameterizedStepValue:"Lorsque je calcule son augmentation de s"}}
22-12-2021 15:16:33.268 [Gauge] [DEBUG] Api Request Received: messageType:GetAllStepsRequest  messageId:2  allStepsRequest:{}
22-12-2021 15:16:33.268 [Gauge] [DEBUG] Sending API response: messageType:GetAllStepResponse  messageId:2  allStepsResponse:{allSteps:{stepValue:"Soit un employé embauché cette année"  parameterizedStepValue:"Soit un employé embauché cette année"}  allSteps:{stepValue:"Lorsque je calcule son nombre d'année d'ancienneté"  parameterizedStepValue:"Lorsque je calcule son nombre d'année d'ancienneté"}  allSteps:{stepValue:"J'obtiens {}"  parameterizedStepValue:"J'obtiens <0>"  parameters:"0"}  allSteps:{stepValue:"Vowels in English language are {}."  parameterizedStepValue:"Vowels in English language are <aeiou>."  parameters:"aeiou"}  allSteps:{stepValue:"The word {} has {} vowels."  parameterizedStepValue:"The word <gauge> has <3> vowels."  parameters:"gauge"  parameters:"3"}  allSteps:{stepValue:"Almost all words have vowels {}"  parameterizedStepValue:"Almost all words have vowels <table>"  parameters:"table"}}
22-12-2021 15:16:33.269 [Gauge] [DEBUG] Api Request Received: messageType:GetAllConceptsRequest  messageId:6  allConceptsRequest:{}
22-12-2021 15:16:33.269 [Gauge] [DEBUG] Sending API response: messageType:GetAllConceptsResponse  messageId:6  allConceptsResponse:{}
22-12-2021 15:16:33.270 [Gauge] [DEBUG] Api Request Received: messageType:GetAllStepsRequest  messageId:2  allStepsRequest:{}
22-12-2021 15:16:33.270 [Gauge] [DEBUG] Sending API response: messageType:GetAllStepResponse  messageId:2  allStepsResponse:{allSteps:{stepValue:"The word {} has {} vowels."  parameterizedStepValue:"The word <gauge> has <3> vowels."  parameters:"gauge"  parameters:"3"}  allSteps:{stepValue:"Almost all words have vowels {}"  parameterizedStepValue:"Almost all words have vowels <table>"  parameters:"table"}  allSteps:{stepValue:"Soit un employé embauché cette année"  parameterizedStepValue:"Soit un employé embauché cette année"}  allSteps:{stepValue:"Lorsque je calcule son nombre d'année d'ancienneté"  parameterizedStepValue:"Lorsque je calcule son nombre d'année d'ancienneté"}  allSteps:{stepValue:"J'obtiens {}"  parameterizedStepValue:"J'obtiens <0>"  parameters:"0"}  allSteps:{stepValue:"Vowels in English language are {}."  parameterizedStepValue:"Vowels in English language are <aeiou>."  parameters:"aeiou"}}
22-12-2021 15:16:33.271 [Gauge] [DEBUG] Api Request Received: messageType:GetAllConceptsRequest  messageId:6  allConceptsRequest:{}
22-12-2021 15:16:33.271 [Gauge] [DEBUG] Sending API response: messageType:GetAllConceptsResponse  messageId:6  allConceptsResponse:{}
22-12-2021 15:16:33.550 [Gauge] [DEBUG] Api Request Received: messageType:GetStepValueRequest  messageId:4  stepValueRequest:{stepText:"Lorsque je calcule son augmentation de sa"}
22-12-2021 15:16:33.550 [Gauge] [DEBUG] Sending API response: messageType:GetStepValueResponse  messageId:4  stepValueResponse:{stepValue:{stepValue:"Lorsque je calcule son augmentation de sa"  parameterizedStepValue:"Lorsque je calcule son augmentation de sa"}}
22-12-2021 15:16:33.715 [Gauge] [DEBUG] Api Request Received: messageType:GetStepValueRequest  messageId:4  stepValueRequest:{stepText:"Lorsque je calcule son augmentation de sal"}
22-12-2021 15:16:33.716 [Gauge] [DEBUG] Sending API response: messageType:GetStepValueResponse  messageId:4  stepValueResponse:{stepValue:{stepValue:"Lorsque je calcule son augmentation de sal"  parameterizedStepValue:"Lorsque je calcule son augmentation de sal"}}
22-12-2021 15:16:33.858 [Gauge] [DEBUG] Api Request Received: messageType:GetStepValueRequest  messageId:4  stepValueRequest:{stepText:"Lorsque je calcule son augmentation de sala"}
22-12-2021 15:16:33.858 [Gauge] [DEBUG] Sending API response: messageType:GetStepValueResponse  messageId:4  stepValueResponse:{stepValue:{stepValue:"Lorsque je calcule son augmentation de sala"  parameterizedStepValue:"Lorsque je calcule son augmentation de sala"}}
22-12-2021 15:16:34.067 [Gauge] [DEBUG] Api Request Received: messageType:GetStepValueRequest  messageId:4  stepValueRequest:{stepText:"Lorsque je calcule son augmentation de salai"}
22-12-2021 15:16:34.067 [Gauge] [DEBUG] Sending API response: messageType:GetStepValueResponse  messageId:4  stepValueResponse:{stepValue:{stepValue:"Lorsque je calcule son augmentation de salai"  parameterizedStepValue:"Lorsque je calcule son augmentation de salai"}}
22-12-2021 15:16:34.310 [Gauge] [DEBUG] Api Request Received: messageType:GetStepValueRequest  messageId:4  stepValueRequest:{stepText:"Lorsque je calcule son augmentation de salair"}
22-12-2021 15:16:34.311 [Gauge] [DEBUG] Sending API response: messageType:GetStepValueResponse  messageId:4  stepValueResponse:{stepValue:{stepValue:"Lorsque je calcule son augmentation de salair"  parameterizedStepValue:"Lorsque je calcule son augmentation de salair"}}
22-12-2021 15:16:34.566 [Gauge] [DEBUG] Api Request Received: messageType:GetStepValueRequest  messageId:4  stepValueRequest:{stepText:"Lorsque je calcule son augmentation de salaire"}
22-12-2021 15:16:34.567 [Gauge] [DEBUG] Sending API response: messageType:GetStepValueResponse  messageId:4  stepValueResponse:{stepValue:{stepValue:"Lorsque je calcule son augmentation de salaire"  parameterizedStepValue:"Lorsque je calcule son augmentation de salaire"}}
22-12-2021 15:16:37.634 [Gauge] [DEBUG] Spec file added / modified: C:\Users\chris\IdeaProjects\ipi-java-350-ex\specs\employe.spec
22-12-2021 15:16:37.637 [Gauge] [DEBUG] Spec file added / modified: C:\Users\chris\IdeaProjects\ipi-java-350-ex\specs\employe.spec
22-12-2021 15:16:40.771 [Gauge] [DEBUG] Api Request Received: messageType:GetStepValueRequest  messageId:4  stepValueRequest:{stepText:"J"}
22-12-2021 15:16:40.772 [Gauge] [DEBUG] Sending API response: messageType:GetStepValueResponse  messageId:4  stepValueResponse:{stepValue:{stepValue:"J"  parameterizedStepValue:"J"}}
22-12-2021 15:16:40.805 [Gauge] [DEBUG] Api Request Received: messageType:GetAllStepsRequest  messageId:2  allStepsRequest:{}
22-12-2021 15:16:40.806 [Gauge] [DEBUG] Sending API response: messageType:GetAllStepResponse  messageId:2  allStepsResponse:{allSteps:{stepValue:"The word {} has {} vowels."  parameterizedStepValue:"The word <gauge> has <3> vowels."  parameters:"gauge"  parameters:"3"}  allSteps:{stepValue:"Almost all words have vowels {}"  parameterizedStepValue:"Almost all words have vowels <table>"  parameters:"table"}  allSteps:{stepValue:"Soit un employé embauché cette année"  parameterizedStepValue:"Soit un employé embauché cette année"}  allSteps:{stepValue:"Lorsque je calcule son nombre d'année d'ancienneté"  parameterizedStepValue:"Lorsque je calcule son nombre d'année d'ancienneté"}  allSteps:{stepValue:"J'obtiens {}"  parameterizedStepValue:"J'obtiens <0>"  parameters:"0"}  allSteps:{stepValue:"Lorsque je calcule son augmentation de salaire"  parameterizedStepValue:"Lorsque je calcule son augmentation de salaire"}  allSteps:{stepValue:"Vowels in English language are {}."  parameterizedStepValue:"Vowels in English language are <aeiou>."  parameters:"aeiou"}}
22-12-2021 15:16:40.808 [Gauge] [DEBUG] Api Request Received: messageType:GetAllConceptsRequest  messageId:6  allConceptsRequest:{}
22-12-2021 15:16:40.808 [Gauge] [DEBUG] Sending API response: messageType:GetAllConceptsResponse  messageId:6  allConceptsResponse:{}
22-12-2021 15:16:41.543 [Gauge] [DEBUG] Api Request Received: messageType:GetStepValueRequest  messageId:4  stepValueRequest:{stepText:"J'o"}
22-12-2021 15:16:41.544 [Gauge] [DEBUG] Sending API response: messageType:GetStepValueResponse  messageId:4  stepValueResponse:{stepValue:{stepValue:"J'o"  parameterizedStepValue:"J'o"}}
22-12-2021 15:16:41.554 [Gauge] [DEBUG] Api Request Received: messageType:GetAllStepsRequest  messageId:2  allStepsRequest:{}
22-12-2021 15:16:41.555 [Gauge] [DEBUG] Sending API response: messageType:GetAllStepResponse  messageId:2  allStepsResponse:{allSteps:{stepValue:"J'obtiens {}"  parameterizedStepValue:"J'obtiens <0>"  parameters:"0"}  allSteps:{stepValue:"Lorsque je calcule son augmentation de salaire"  parameterizedStepValue:"Lorsque je calcule son augmentation de salaire"}  allSteps:{stepValue:"Vowels in English language are {}."  parameterizedStepValue:"Vowels in English language are <aeiou>."  parameters:"aeiou"}  allSteps:{stepValue:"The word {} has {} vowels."  parameterizedStepValue:"The word <gauge> has <3> vowels."  parameters:"gauge"  parameters:"3"}  allSteps:{stepValue:"Almost all words have vowels {}"  parameterizedStepValue:"Almost all words have vowels <table>"  parameters:"table"}  allSteps:{stepValue:"Soit un employé embauché cette année"  parameterizedStepValue:"Soit un employé embauché cette année"}  allSteps:{stepValue:"Lorsque je calcule son nombre d'année d'ancienneté"  parameterizedStepValue:"Lorsque je calcule son nombre d'année d'ancienneté"}}
22-12-2021 15:16:41.587 [Gauge] [DEBUG] Api Request Received: messageType:GetAllConceptsRequest  messageId:6  allConceptsRequest:{}
22-12-2021 15:16:41.587 [Gauge] [DEBUG] Sending API response: messageType:GetAllConceptsResponse  messageId:6  allConceptsResponse:{}
22-12-2021 15:16:41.936 [Gauge] [DEBUG] Api Request Received: messageType:GetStepValueRequest  messageId:4  stepValueRequest:{stepText:"J'ob"}
22-12-2021 15:16:41.937 [Gauge] [DEBUG] Sending API response: messageType:GetStepValueResponse  messageId:4  stepValueResponse:{stepValue:{stepValue:"J'ob"  parameterizedStepValue:"J'ob"}}
22-12-2021 15:16:42.261 [Gauge] [DEBUG] Api Request Received: messageType:GetStepValueRequest  messageId:4  stepValueRequest:{stepText:"J'obti"}
22-12-2021 15:16:42.262 [Gauge] [DEBUG] Sending API response: messageType:GetStepValueResponse  messageId:4  stepValueResponse:{stepValue:{stepValue:"J'obti"  parameterizedStepValue:"J'obti"}}
22-12-2021 15:16:42.448 [Gauge] [DEBUG] Api Request Received: messageType:GetStepValueRequest  messageId:4  stepValueRequest:{stepText:"J'obtie"}
22-12-2021 15:16:42.448 [Gauge] [DEBUG] Sending API response: messageType:GetStepValueResponse  messageId:4  stepValueResponse:{stepValue:{stepValue:"J'obtie"  parameterizedStepValue:"J'obtie"}}
22-12-2021 15:16:42.538 [Gauge] [DEBUG] Api Request Received: messageType:GetStepValueRequest  messageId:4  stepValueRequest:{stepText:"J'obtien"}
22-12-2021 15:16:42.541 [Gauge] [DEBUG] Sending API response: messageType:GetStepValueResponse  messageId:4  stepValueResponse:{stepValue:{stepValue:"J'obtien"  parameterizedStepValue:"J'obtien"}}
22-12-2021 15:16:44.432 [Gauge] [DEBUG] Api Request Received: messageType:GetStepValueRequest  messageId:4  stepValueRequest:{stepText:"J'obtiens"}
22-12-2021 15:16:44.433 [Gauge] [DEBUG] Sending API response: messageType:GetStepValueResponse  messageId:4  stepValueResponse:{stepValue:{stepValue:"J'obtiens"  parameterizedStepValue:"J'obtiens"}}
22-12-2021 15:16:48.176 [Gauge] [DEBUG] Api Request Received: messageType:GetStepValueRequest  messageId:4  stepValueRequest:{stepText:"J'obtiens \"\""}
22-12-2021 15:16:48.178 [Gauge] [DEBUG] Sending API response: messageType:GetStepValueResponse  messageId:4  stepValueResponse:{stepValue:{stepValue:"J'obtiens {}"  parameterizedStepValue:"J'obtiens <>"  parameters:""}}
22-12-2021 15:16:54.509 [Gauge] [DEBUG] Api Request Received: messageType:GetStepValueRequest  messageId:4  stepValueRequest:{stepText:"J'obtiens \"*\""}
22-12-2021 15:16:54.510 [Gauge] [DEBUG] Sending API response: messageType:GetStepValueResponse  messageId:4  stepValueResponse:{stepValue:{stepValue:"J'obtiens {}"  parameterizedStepValue:"J'obtiens <*>"  parameters:"*"}}
22-12-2021 15:17:09.526 [Gauge] [DEBUG] Api Request Received: messageType:GetStepValueRequest  messageId:4  stepValueRequest:{stepText:"J'obtiens \"2\""}
22-12-2021 15:17:09.526 [Gauge] [DEBUG] Sending API response: messageType:GetStepValueResponse  messageId:4  stepValueResponse:{stepValue:{stepValue:"J'obtiens {}"  parameterizedStepValue:"J'obtiens <2>"  parameters:"2"}}
22-12-2021 15:17:09.769 [Gauge] [DEBUG] Api Request Received: messageType:GetStepValueRequest  messageId:4  stepValueRequest:{stepText:"J'obtiens \"25\""}
22-12-2021 15:17:09.771 [Gauge] [DEBUG] Sending API response: messageType:GetStepValueResponse  messageId:4  stepValueResponse:{stepValue:{stepValue:"J'obtiens {}"  parameterizedStepValue:"J'obtiens <25>"  parameters:"25"}}
22-12-2021 15:17:10.065 [Gauge] [DEBUG] Api Request Received: messageType:GetStepValueRequest  messageId:4  stepValueRequest:{stepText:"J'obtiens \"250\""}
22-12-2021 15:17:10.065 [Gauge] [DEBUG] Sending API response: messageType:GetStepValueResponse  messageId:4  stepValueResponse:{stepValue:{stepValue:"J'obtiens {}"  parameterizedStepValue:"J'obtiens <250>"  parameters:"250"}}
22-12-2021 15:17:10.288 [Gauge] [DEBUG] Api Request Received: messageType:GetStepValueRequest  messageId:4  stepValueRequest:{stepText:"J'obtiens \"2500\""}
22-12-2021 15:17:10.289 [Gauge] [DEBUG] Sending API response: messageType:GetStepValueResponse  messageId:4  stepValueResponse:{stepValue:{stepValue:"J'obtiens {}"  parameterizedStepValue:"J'obtiens <2500>"  parameters:"2500"}}
22-12-2021 15:17:18.557 [Gauge] [DEBUG] Spec file added / modified: C:\Users\chris\IdeaProjects\ipi-java-350-ex\specs\employe.spec
22-12-2021 15:17:18.562 [Gauge] [DEBUG] Spec file added / modified: C:\Users\chris\IdeaProjects\ipi-java-350-ex\specs\employe.spec
22-12-2021 17:11:58.123 [Gauge] [DEBUG] Spec file added / modified: C:\Users\chris\IdeaProjects\ipi-java-350-ex\specs\employe.spec
22-12-2021 17:11:58.127 [Gauge] [DEBUG] Spec file added / modified: C:\Users\chris\IdeaProjects\ipi-java-350-ex\specs\example.spec
22-12-2021 17:26:13.106 [Gauge] [DEBUG] Spec file removed: C:\Users\chris\IdeaProjects\ipi-java-350-ex\specs\employe.spec
22-12-2021 17:26:13.106 [Gauge] [DEBUG] Spec file removed: C:\Users\chris\IdeaProjects\ipi-java-350-ex\specs\example.spec
